<?xml version="1.0" encoding="UTF-8" ?>
<testsuite tests="5" failures="0" name="com.intiformation.gestion_ecole.test.TestAdministrateurDao" time="0.859" errors="5" skipped="0">
  <properties>
[...]
</properties>
  <testcase classname="com.intiformation.gestion_ecole.test.TestAdministrateurDao" name="testGetAllAdministrateur" time="0.502">
    <error message="deleted object would be re-saved by cascade (remove deleted object from associations): [com.intiformation.gestion_ecole.domain.Administrateur#1]" type="javax.persistence.EntityNotFoundException">javax.persistence.EntityNotFoundException: deleted object would be re-saved by cascade (remove deleted object from associations): [com.intiformation.gestion_ecole.domain.Administrateur#1]
	at org.hibernate.internal.ExceptionConverterImpl.convert(ExceptionConverterImpl.java:128)
	at org.hibernate.internal.ExceptionConverterImpl.convert(ExceptionConverterImpl.java:157)
	at org.hibernate.query.internal.AbstractProducedQuery.list(AbstractProducedQuery.java:1423)
	at com.intiformation.gestion_ecole.dao.AdministrateurDaoImpl.getAllAdministrateur(AdministrateurDaoImpl.java:27)
	at sun.reflect.NativeMethodAccessorImpl.invoke0(Native Method)
	at sun.reflect.NativeMethodAccessorImpl.invoke(NativeMethodAccessorImpl.java:62)
	at sun.reflect.DelegatingMethodAccessorImpl.invoke(DelegatingMethodAccessorImpl.java:43)
	at java.lang.reflect.Method.invoke(Method.java:498)
	at org.springframework.aop.support.AopUtils.invokeJoinpointUsingReflection(AopUtils.java:344)
	at org.springframework.aop.framework.ReflectiveMethodInvocation.invokeJoinpoint(ReflectiveMethodInvocation.java:198)
	at org.springframework.aop.framework.ReflectiveMethodInvocation.proceed(ReflectiveMethodInvocation.java:163)
	at org.springframework.transaction.interceptor.TransactionAspectSupport.invokeWithinTransaction(TransactionAspectSupport.java:353)
	at org.springframework.transaction.interceptor.TransactionInterceptor.invoke(TransactionInterceptor.java:99)
	at org.springframework.aop.framework.ReflectiveMethodInvocation.proceed(ReflectiveMethodInvocation.java:186)
	at org.springframework.aop.framework.JdkDynamicAopProxy.invoke(JdkDynamicAopProxy.java:212)
	at com.sun.proxy.$Proxy47.getAllAdministrateur(Unknown Source)
	at com.intiformation.gestion_ecole.test.TestAdministrateurDao.testGetAllAdministrateur(TestAdministrateurDao.java:172)
	at sun.reflect.NativeMethodAccessorImpl.invoke0(Native Method)
	at sun.reflect.NativeMethodAccessorImpl.invoke(NativeMethodAccessorImpl.java:62)
	at sun.reflect.DelegatingMethodAccessorImpl.invoke(DelegatingMethodAccessorImpl.java:43)
	at java.lang.reflect.Method.invoke(Method.java:498)
	at org.junit.runners.model.FrameworkMethod$1.runReflectiveCall(FrameworkMethod.java:50)
	at org.junit.internal.runners.model.ReflectiveCallable.run(ReflectiveCallable.java:12)
	at org.junit.runners.model.FrameworkMethod.invokeExplosively(FrameworkMethod.java:47)
	at org.junit.internal.runners.statements.InvokeMethod.evaluate(InvokeMethod.java:17)
	at org.springframework.test.context.junit4.statements.RunBeforeTestExecutionCallbacks.evaluate(RunBeforeTestExecutionCallbacks.java:73)
	at org.springframework.test.context.junit4.statements.RunAfterTestExecutionCallbacks.evaluate(RunAfterTestExecutionCallbacks.java:83)
	at org.springframework.test.context.junit4.statements.RunBeforeTestMethodCallbacks.evaluate(RunBeforeTestMethodCallbacks.java:75)
	at org.springframework.test.context.junit4.statements.RunAfterTestMethodCallbacks.evaluate(RunAfterTestMethodCallbacks.java:86)
	at org.springframework.test.context.junit4.statements.SpringRepeat.evaluate(SpringRepeat.java:84)
	at org.junit.runners.ParentRunner.runLeaf(ParentRunner.java:325)
	at org.springframework.test.context.junit4.SpringJUnit4ClassRunner.runChild(SpringJUnit4ClassRunner.java:251)
	at org.springframework.test.context.junit4.SpringJUnit4ClassRunner.runChild(SpringJUnit4ClassRunner.java:97)
	at org.junit.runners.ParentRunner$3.run(ParentRunner.java:290)
	at org.junit.runners.ParentRunner$1.schedule(ParentRunner.java:71)
	at org.junit.runners.ParentRunner.runChildren(ParentRunner.java:288)
	at org.junit.runners.ParentRunner.access$000(ParentRunner.java:58)
	at org.junit.runners.ParentRunner$2.evaluate(ParentRunner.java:268)
	at org.springframework.test.context.junit4.statements.RunBeforeTestClassCallbacks.evaluate(RunBeforeTestClassCallbacks.java:61)
	at org.springframework.test.context.junit4.statements.RunAfterTestClassCallbacks.evaluate(RunAfterTestClassCallbacks.java:70)
	at org.junit.runners.ParentRunner.run(ParentRunner.java:363)
	at org.springframework.test.context.junit4.SpringJUnit4ClassRunner.run(SpringJUnit4ClassRunner.java:190)
	at org.apache.maven.surefire.junit4.JUnit4Provider.execute(JUnit4Provider.java:252)
	at org.apache.maven.surefire.junit4.JUnit4Provider.executeTestSet(JUnit4Provider.java:141)
	at org.apache.maven.surefire.junit4.JUnit4Provider.invoke(JUnit4Provider.java:112)
	at sun.reflect.NativeMethodAccessorImpl.invoke0(Native Method)
	at sun.reflect.NativeMethodAccessorImpl.invoke(NativeMethodAccessorImpl.java:62)
	at sun.reflect.DelegatingMethodAccessorImpl.invoke(DelegatingMethodAccessorImpl.java:43)
	at java.lang.reflect.Method.invoke(Method.java:498)
	at org.apache.maven.surefire.util.ReflectionUtils.invokeMethodWithArray(ReflectionUtils.java:189)
	at org.apache.maven.surefire.booter.ProviderFactory$ProviderProxy.invoke(ProviderFactory.java:165)
	at org.apache.maven.surefire.booter.ProviderFactory.invokeProvider(ProviderFactory.java:85)
	at org.apache.maven.surefire.booter.ForkedBooter.runSuitesInProcess(ForkedBooter.java:115)
	at org.apache.maven.surefire.booter.ForkedBooter.main(ForkedBooter.java:75)
</error>
    <system-out>Hibernate: insert into personnes (adresse_id, username, password, nom, prenom, role) values (?, ?, ?, ?, ?, &apos;ROLE_ADMINISTRATEUR&apos;)
Hibernate: select administra0_.identifiant as identifi2_8_, administra0_.adresse_id as adresse_9_8_, administra0_.username as username3_8_, administra0_.password as password4_8_, administra0_.nom as nom5_8_, administra0_.prenom as prenom6_8_ from personnes administra0_ where administra0_.role=&apos;ROLE_ADMINISTRATEUR&apos;
Hibernate: select adresse0_.adresse_id as adresse_1_0_0_, adresse0_.codePostal as codePost2_0_0_, adresse0_.rue as rue3_0_0_, adresse0_.ville as ville4_0_0_, personne1_.identifiant as identifi2_8_1_, personne1_.adresse_id as adresse_9_8_1_, personne1_.username as username3_8_1_, personne1_.password as password4_8_1_, personne1_.nom as nom5_8_1_, personne1_.prenom as prenom6_8_1_, personne1_.dateDeNaissance as dateDeNa7_8_1_, personne1_.photo as photo8_8_1_, personne1_.role as role1_8_1_ from adresses adresse0_ left outer join personnes personne1_ on adresse0_.adresse_id=personne1_.adresse_id where adresse0_.adresse_id=?
Hibernate: select personne0_.identifiant as identifi2_8_1_, personne0_.adresse_id as adresse_9_8_1_, personne0_.username as username3_8_1_, personne0_.password as password4_8_1_, personne0_.nom as nom5_8_1_, personne0_.prenom as prenom6_8_1_, personne0_.dateDeNaissance as dateDeNa7_8_1_, personne0_.photo as photo8_8_1_, personne0_.role as role1_8_1_, adresse1_.adresse_id as adresse_1_0_0_, adresse1_.codePostal as codePost2_0_0_, adresse1_.rue as rue3_0_0_, adresse1_.ville as ville4_0_0_ from personnes personne0_ left outer join adresses adresse1_ on personne0_.adresse_id=adresse1_.adresse_id where personne0_.adresse_id=?
</system-out>
    <system-err>SLF4J: Failed to load class &quot;org.slf4j.impl.StaticLoggerBinder&quot;.
SLF4J: Defaulting to no-operation (NOP) logger implementation
SLF4J: See http://www.slf4j.org/codes.html#StaticLoggerBinder for further details.
avr. 29, 2020 7:51:23 PM org.hibernate.Version logVersion
INFO: HHH000412: Hibernate Core {5.2.11.Final}
avr. 29, 2020 7:51:23 PM org.hibernate.cfg.Environment &lt;clinit&gt;
INFO: HHH000206: hibernate.properties not found
avr. 29, 2020 7:51:23 PM org.hibernate.annotations.common.reflection.java.JavaReflectionManager &lt;clinit&gt;
INFO: HCANN000001: Hibernate Commons Annotations {5.0.1.Final}
Wed Apr 29 19:51:24 CEST 2020 WARN: Establishing SSL connection without server&apos;s identity verification is not recommended. According to MySQL 5.5.45+, 5.6.26+ and 5.7.6+ requirements SSL connection must be established by default if explicit option isn&apos;t set. For compliance with existing applications not using SSL the verifyServerCertificate property is set to &apos;false&apos;. You need either to explicitly disable SSL by setting useSSL=false, or set useSSL=true and provide truststore for server certificate verification.
avr. 29, 2020 7:51:24 PM org.hibernate.dialect.Dialect &lt;init&gt;
INFO: HHH000400: Using dialect: org.hibernate.dialect.MySQL5Dialect
Wed Apr 29 19:51:25 CEST 2020 WARN: Establishing SSL connection without server&apos;s identity verification is not recommended. According to MySQL 5.5.45+, 5.6.26+ and 5.7.6+ requirements SSL connection must be established by default if explicit option isn&apos;t set. For compliance with existing applications not using SSL the verifyServerCertificate property is set to &apos;false&apos;. You need either to explicitly disable SSL by setting useSSL=false, or set useSSL=true and provide truststore for server certificate verification.
Wed Apr 29 19:51:27 CEST 2020 WARN: Establishing SSL connection without server&apos;s identity verification is not recommended. According to MySQL 5.5.45+, 5.6.26+ and 5.7.6+ requirements SSL connection must be established by default if explicit option isn&apos;t set. For compliance with existing applications not using SSL the verifyServerCertificate property is set to &apos;false&apos;. You need either to explicitly disable SSL by setting useSSL=false, or set useSSL=true and provide truststore for server certificate verification.
avr. 29, 2020 7:51:27 PM org.hibernate.hql.internal.QueryTranslatorFactoryInitiator initiateService
INFO: HHH000397: Using ASTQueryTranslatorFactory
</system-err>
  </testcase>
  <testcase classname="com.intiformation.gestion_ecole.test.TestAdministrateurDao" name="testGetByIdAdministrateur" time="0.028">
    <error message="deleted object would be re-saved by cascade (remove deleted object from associations): [com.intiformation.gestion_ecole.domain.Administrateur#1]" type="javax.persistence.EntityNotFoundException">javax.persistence.EntityNotFoundException: deleted object would be re-saved by cascade (remove deleted object from associations): [com.intiformation.gestion_ecole.domain.Administrateur#1]
	at org.hibernate.internal.ExceptionConverterImpl.convert(ExceptionConverterImpl.java:128)
	at org.hibernate.internal.ExceptionConverterImpl.convert(ExceptionConverterImpl.java:157)
	at org.hibernate.query.internal.AbstractProducedQuery.list(AbstractProducedQuery.java:1423)
	at com.intiformation.gestion_ecole.dao.AdministrateurDaoImpl.getAllAdministrateur(AdministrateurDaoImpl.java:27)
	at sun.reflect.NativeMethodAccessorImpl.invoke0(Native Method)
	at sun.reflect.NativeMethodAccessorImpl.invoke(NativeMethodAccessorImpl.java:62)
	at sun.reflect.DelegatingMethodAccessorImpl.invoke(DelegatingMethodAccessorImpl.java:43)
	at java.lang.reflect.Method.invoke(Method.java:498)
	at org.springframework.aop.support.AopUtils.invokeJoinpointUsingReflection(AopUtils.java:344)
	at org.springframework.aop.framework.ReflectiveMethodInvocation.invokeJoinpoint(ReflectiveMethodInvocation.java:198)
	at org.springframework.aop.framework.ReflectiveMethodInvocation.proceed(ReflectiveMethodInvocation.java:163)
	at org.springframework.transaction.interceptor.TransactionAspectSupport.invokeWithinTransaction(TransactionAspectSupport.java:353)
	at org.springframework.transaction.interceptor.TransactionInterceptor.invoke(TransactionInterceptor.java:99)
	at org.springframework.aop.framework.ReflectiveMethodInvocation.proceed(ReflectiveMethodInvocation.java:186)
	at org.springframework.aop.framework.JdkDynamicAopProxy.invoke(JdkDynamicAopProxy.java:212)
	at com.sun.proxy.$Proxy47.getAllAdministrateur(Unknown Source)
	at com.intiformation.gestion_ecole.test.TestAdministrateurDao.testGetByIdAdministrateur(TestAdministrateurDao.java:145)
	at sun.reflect.NativeMethodAccessorImpl.invoke0(Native Method)
	at sun.reflect.NativeMethodAccessorImpl.invoke(NativeMethodAccessorImpl.java:62)
	at sun.reflect.DelegatingMethodAccessorImpl.invoke(DelegatingMethodAccessorImpl.java:43)
	at java.lang.reflect.Method.invoke(Method.java:498)
	at org.junit.runners.model.FrameworkMethod$1.runReflectiveCall(FrameworkMethod.java:50)
	at org.junit.internal.runners.model.ReflectiveCallable.run(ReflectiveCallable.java:12)
	at org.junit.runners.model.FrameworkMethod.invokeExplosively(FrameworkMethod.java:47)
	at org.junit.internal.runners.statements.InvokeMethod.evaluate(InvokeMethod.java:17)
	at org.springframework.test.context.junit4.statements.RunBeforeTestExecutionCallbacks.evaluate(RunBeforeTestExecutionCallbacks.java:73)
	at org.springframework.test.context.junit4.statements.RunAfterTestExecutionCallbacks.evaluate(RunAfterTestExecutionCallbacks.java:83)
	at org.springframework.test.context.junit4.statements.RunBeforeTestMethodCallbacks.evaluate(RunBeforeTestMethodCallbacks.java:75)
	at org.springframework.test.context.junit4.statements.RunAfterTestMethodCallbacks.evaluate(RunAfterTestMethodCallbacks.java:86)
	at org.springframework.test.context.junit4.statements.SpringRepeat.evaluate(SpringRepeat.java:84)
	at org.junit.runners.ParentRunner.runLeaf(ParentRunner.java:325)
	at org.springframework.test.context.junit4.SpringJUnit4ClassRunner.runChild(SpringJUnit4ClassRunner.java:251)
	at org.springframework.test.context.junit4.SpringJUnit4ClassRunner.runChild(SpringJUnit4ClassRunner.java:97)
	at org.junit.runners.ParentRunner$3.run(ParentRunner.java:290)
	at org.junit.runners.ParentRunner$1.schedule(ParentRunner.java:71)
	at org.junit.runners.ParentRunner.runChildren(ParentRunner.java:288)
	at org.junit.runners.ParentRunner.access$000(ParentRunner.java:58)
	at org.junit.runners.ParentRunner$2.evaluate(ParentRunner.java:268)
	at org.springframework.test.context.junit4.statements.RunBeforeTestClassCallbacks.evaluate(RunBeforeTestClassCallbacks.java:61)
	at org.springframework.test.context.junit4.statements.RunAfterTestClassCallbacks.evaluate(RunAfterTestClassCallbacks.java:70)
	at org.junit.runners.ParentRunner.run(ParentRunner.java:363)
	at org.springframework.test.context.junit4.SpringJUnit4ClassRunner.run(SpringJUnit4ClassRunner.java:190)
	at org.apache.maven.surefire.junit4.JUnit4Provider.execute(JUnit4Provider.java:252)
	at org.apache.maven.surefire.junit4.JUnit4Provider.executeTestSet(JUnit4Provider.java:141)
	at org.apache.maven.surefire.junit4.JUnit4Provider.invoke(JUnit4Provider.java:112)
	at sun.reflect.NativeMethodAccessorImpl.invoke0(Native Method)
	at sun.reflect.NativeMethodAccessorImpl.invoke(NativeMethodAccessorImpl.java:62)
	at sun.reflect.DelegatingMethodAccessorImpl.invoke(DelegatingMethodAccessorImpl.java:43)
	at java.lang.reflect.Method.invoke(Method.java:498)
	at org.apache.maven.surefire.util.ReflectionUtils.invokeMethodWithArray(ReflectionUtils.java:189)
	at org.apache.maven.surefire.booter.ProviderFactory$ProviderProxy.invoke(ProviderFactory.java:165)
	at org.apache.maven.surefire.booter.ProviderFactory.invokeProvider(ProviderFactory.java:85)
	at org.apache.maven.surefire.booter.ForkedBooter.runSuitesInProcess(ForkedBooter.java:115)
	at org.apache.maven.surefire.booter.ForkedBooter.main(ForkedBooter.java:75)
</error>
    <system-out>Hibernate: insert into personnes (adresse_id, username, password, nom, prenom, role) values (?, ?, ?, ?, ?, &apos;ROLE_ADMINISTRATEUR&apos;)
Hibernate: select administra0_.identifiant as identifi2_8_, administra0_.adresse_id as adresse_9_8_, administra0_.username as username3_8_, administra0_.password as password4_8_, administra0_.nom as nom5_8_, administra0_.prenom as prenom6_8_ from personnes administra0_ where administra0_.role=&apos;ROLE_ADMINISTRATEUR&apos;
Hibernate: select adresse0_.adresse_id as adresse_1_0_0_, adresse0_.codePostal as codePost2_0_0_, adresse0_.rue as rue3_0_0_, adresse0_.ville as ville4_0_0_, personne1_.identifiant as identifi2_8_1_, personne1_.adresse_id as adresse_9_8_1_, personne1_.username as username3_8_1_, personne1_.password as password4_8_1_, personne1_.nom as nom5_8_1_, personne1_.prenom as prenom6_8_1_, personne1_.dateDeNaissance as dateDeNa7_8_1_, personne1_.photo as photo8_8_1_, personne1_.role as role1_8_1_ from adresses adresse0_ left outer join personnes personne1_ on adresse0_.adresse_id=personne1_.adresse_id where adresse0_.adresse_id=?
Hibernate: select personne0_.identifiant as identifi2_8_1_, personne0_.adresse_id as adresse_9_8_1_, personne0_.username as username3_8_1_, personne0_.password as password4_8_1_, personne0_.nom as nom5_8_1_, personne0_.prenom as prenom6_8_1_, personne0_.dateDeNaissance as dateDeNa7_8_1_, personne0_.photo as photo8_8_1_, personne0_.role as role1_8_1_, adresse1_.adresse_id as adresse_1_0_0_, adresse1_.codePostal as codePost2_0_0_, adresse1_.rue as rue3_0_0_, adresse1_.ville as ville4_0_0_ from personnes personne0_ left outer join adresses adresse1_ on personne0_.adresse_id=adresse1_.adresse_id where personne0_.adresse_id=?
</system-out>
    <system-err>Wed Apr 29 19:51:27 CEST 2020 WARN: Establishing SSL connection without server&apos;s identity verification is not recommended. According to MySQL 5.5.45+, 5.6.26+ and 5.7.6+ requirements SSL connection must be established by default if explicit option isn&apos;t set. For compliance with existing applications not using SSL the verifyServerCertificate property is set to &apos;false&apos;. You need either to explicitly disable SSL by setting useSSL=false, or set useSSL=true and provide truststore for server certificate verification.
</system-err>
  </testcase>
  <testcase classname="com.intiformation.gestion_ecole.test.TestAdministrateurDao" name="testModifierAdministrateur" time="0.141">
    <error message="deleted object would be re-saved by cascade (remove deleted object from associations): [com.intiformation.gestion_ecole.domain.Administrateur#1]" type="javax.persistence.EntityNotFoundException">javax.persistence.EntityNotFoundException: deleted object would be re-saved by cascade (remove deleted object from associations): [com.intiformation.gestion_ecole.domain.Administrateur#1]
	at org.hibernate.internal.ExceptionConverterImpl.convert(ExceptionConverterImpl.java:128)
	at org.hibernate.internal.ExceptionConverterImpl.convert(ExceptionConverterImpl.java:157)
	at org.hibernate.query.internal.AbstractProducedQuery.list(AbstractProducedQuery.java:1423)
	at com.intiformation.gestion_ecole.dao.AdministrateurDaoImpl.getAllAdministrateur(AdministrateurDaoImpl.java:27)
	at sun.reflect.NativeMethodAccessorImpl.invoke0(Native Method)
	at sun.reflect.NativeMethodAccessorImpl.invoke(NativeMethodAccessorImpl.java:62)
	at sun.reflect.DelegatingMethodAccessorImpl.invoke(DelegatingMethodAccessorImpl.java:43)
	at java.lang.reflect.Method.invoke(Method.java:498)
	at org.springframework.aop.support.AopUtils.invokeJoinpointUsingReflection(AopUtils.java:344)
	at org.springframework.aop.framework.ReflectiveMethodInvocation.invokeJoinpoint(ReflectiveMethodInvocation.java:198)
	at org.springframework.aop.framework.ReflectiveMethodInvocation.proceed(ReflectiveMethodInvocation.java:163)
	at org.springframework.transaction.interceptor.TransactionAspectSupport.invokeWithinTransaction(TransactionAspectSupport.java:353)
	at org.springframework.transaction.interceptor.TransactionInterceptor.invoke(TransactionInterceptor.java:99)
	at org.springframework.aop.framework.ReflectiveMethodInvocation.proceed(ReflectiveMethodInvocation.java:186)
	at org.springframework.aop.framework.JdkDynamicAopProxy.invoke(JdkDynamicAopProxy.java:212)
	at com.sun.proxy.$Proxy47.getAllAdministrateur(Unknown Source)
	at com.intiformation.gestion_ecole.test.TestAdministrateurDao.testModifierAdministrateur(TestAdministrateurDao.java:90)
	at sun.reflect.NativeMethodAccessorImpl.invoke0(Native Method)
	at sun.reflect.NativeMethodAccessorImpl.invoke(NativeMethodAccessorImpl.java:62)
	at sun.reflect.DelegatingMethodAccessorImpl.invoke(DelegatingMethodAccessorImpl.java:43)
	at java.lang.reflect.Method.invoke(Method.java:498)
	at org.junit.runners.model.FrameworkMethod$1.runReflectiveCall(FrameworkMethod.java:50)
	at org.junit.internal.runners.model.ReflectiveCallable.run(ReflectiveCallable.java:12)
	at org.junit.runners.model.FrameworkMethod.invokeExplosively(FrameworkMethod.java:47)
	at org.junit.internal.runners.statements.InvokeMethod.evaluate(InvokeMethod.java:17)
	at org.springframework.test.context.junit4.statements.RunBeforeTestExecutionCallbacks.evaluate(RunBeforeTestExecutionCallbacks.java:73)
	at org.springframework.test.context.junit4.statements.RunAfterTestExecutionCallbacks.evaluate(RunAfterTestExecutionCallbacks.java:83)
	at org.springframework.test.context.junit4.statements.RunBeforeTestMethodCallbacks.evaluate(RunBeforeTestMethodCallbacks.java:75)
	at org.springframework.test.context.junit4.statements.RunAfterTestMethodCallbacks.evaluate(RunAfterTestMethodCallbacks.java:86)
	at org.springframework.test.context.junit4.statements.SpringRepeat.evaluate(SpringRepeat.java:84)
	at org.junit.runners.ParentRunner.runLeaf(ParentRunner.java:325)
	at org.springframework.test.context.junit4.SpringJUnit4ClassRunner.runChild(SpringJUnit4ClassRunner.java:251)
	at org.springframework.test.context.junit4.SpringJUnit4ClassRunner.runChild(SpringJUnit4ClassRunner.java:97)
	at org.junit.runners.ParentRunner$3.run(ParentRunner.java:290)
	at org.junit.runners.ParentRunner$1.schedule(ParentRunner.java:71)
	at org.junit.runners.ParentRunner.runChildren(ParentRunner.java:288)
	at org.junit.runners.ParentRunner.access$000(ParentRunner.java:58)
	at org.junit.runners.ParentRunner$2.evaluate(ParentRunner.java:268)
	at org.springframework.test.context.junit4.statements.RunBeforeTestClassCallbacks.evaluate(RunBeforeTestClassCallbacks.java:61)
	at org.springframework.test.context.junit4.statements.RunAfterTestClassCallbacks.evaluate(RunAfterTestClassCallbacks.java:70)
	at org.junit.runners.ParentRunner.run(ParentRunner.java:363)
	at org.springframework.test.context.junit4.SpringJUnit4ClassRunner.run(SpringJUnit4ClassRunner.java:190)
	at org.apache.maven.surefire.junit4.JUnit4Provider.execute(JUnit4Provider.java:252)
	at org.apache.maven.surefire.junit4.JUnit4Provider.executeTestSet(JUnit4Provider.java:141)
	at org.apache.maven.surefire.junit4.JUnit4Provider.invoke(JUnit4Provider.java:112)
	at sun.reflect.NativeMethodAccessorImpl.invoke0(Native Method)
	at sun.reflect.NativeMethodAccessorImpl.invoke(NativeMethodAccessorImpl.java:62)
	at sun.reflect.DelegatingMethodAccessorImpl.invoke(DelegatingMethodAccessorImpl.java:43)
	at java.lang.reflect.Method.invoke(Method.java:498)
	at org.apache.maven.surefire.util.ReflectionUtils.invokeMethodWithArray(ReflectionUtils.java:189)
	at org.apache.maven.surefire.booter.ProviderFactory$ProviderProxy.invoke(ProviderFactory.java:165)
	at org.apache.maven.surefire.booter.ProviderFactory.invokeProvider(ProviderFactory.java:85)
	at org.apache.maven.surefire.booter.ForkedBooter.runSuitesInProcess(ForkedBooter.java:115)
	at org.apache.maven.surefire.booter.ForkedBooter.main(ForkedBooter.java:75)
</error>
    <system-out>Hibernate: insert into personnes (adresse_id, username, password, nom, prenom, role) values (?, ?, ?, ?, ?, &apos;ROLE_ADMINISTRATEUR&apos;)
Hibernate: select administra0_.identifiant as identifi2_8_, administra0_.adresse_id as adresse_9_8_, administra0_.username as username3_8_, administra0_.password as password4_8_, administra0_.nom as nom5_8_, administra0_.prenom as prenom6_8_ from personnes administra0_ where administra0_.role=&apos;ROLE_ADMINISTRATEUR&apos;
Hibernate: select adresse0_.adresse_id as adresse_1_0_0_, adresse0_.codePostal as codePost2_0_0_, adresse0_.rue as rue3_0_0_, adresse0_.ville as ville4_0_0_, personne1_.identifiant as identifi2_8_1_, personne1_.adresse_id as adresse_9_8_1_, personne1_.username as username3_8_1_, personne1_.password as password4_8_1_, personne1_.nom as nom5_8_1_, personne1_.prenom as prenom6_8_1_, personne1_.dateDeNaissance as dateDeNa7_8_1_, personne1_.photo as photo8_8_1_, personne1_.role as role1_8_1_ from adresses adresse0_ left outer join personnes personne1_ on adresse0_.adresse_id=personne1_.adresse_id where adresse0_.adresse_id=?
Hibernate: select personne0_.identifiant as identifi2_8_1_, personne0_.adresse_id as adresse_9_8_1_, personne0_.username as username3_8_1_, personne0_.password as password4_8_1_, personne0_.nom as nom5_8_1_, personne0_.prenom as prenom6_8_1_, personne0_.dateDeNaissance as dateDeNa7_8_1_, personne0_.photo as photo8_8_1_, personne0_.role as role1_8_1_, adresse1_.adresse_id as adresse_1_0_0_, adresse1_.codePostal as codePost2_0_0_, adresse1_.rue as rue3_0_0_, adresse1_.ville as ville4_0_0_ from personnes personne0_ left outer join adresses adresse1_ on personne0_.adresse_id=adresse1_.adresse_id where personne0_.adresse_id=?
Hibernate: update personnes set adresse_id=?, username=?, password=?, nom=?, prenom=? where identifiant=?
Hibernate: select administra0_.identifiant as identifi2_8_, administra0_.adresse_id as adresse_9_8_, administra0_.username as username3_8_, administra0_.password as password4_8_, administra0_.nom as nom5_8_, administra0_.prenom as prenom6_8_ from personnes administra0_ where administra0_.role=&apos;ROLE_ADMINISTRATEUR&apos;
</system-out>
    <system-err>Wed Apr 29 19:51:27 CEST 2020 WARN: Establishing SSL connection without server&apos;s identity verification is not recommended. According to MySQL 5.5.45+, 5.6.26+ and 5.7.6+ requirements SSL connection must be established by default if explicit option isn&apos;t set. For compliance with existing applications not using SSL the verifyServerCertificate property is set to &apos;false&apos;. You need either to explicitly disable SSL by setting useSSL=false, or set useSSL=true and provide truststore for server certificate verification.
</system-err>
  </testcase>
  <testcase classname="com.intiformation.gestion_ecole.test.TestAdministrateurDao" name="testSupprimerAdministrateur" time="0.07">
    <error message="deleted object would be re-saved by cascade (remove deleted object from associations): [com.intiformation.gestion_ecole.domain.Administrateur#1]" type="javax.persistence.EntityNotFoundException">javax.persistence.EntityNotFoundException: deleted object would be re-saved by cascade (remove deleted object from associations): [com.intiformation.gestion_ecole.domain.Administrateur#1]
	at org.hibernate.internal.ExceptionConverterImpl.convert(ExceptionConverterImpl.java:128)
	at org.hibernate.internal.ExceptionConverterImpl.convert(ExceptionConverterImpl.java:157)
	at org.hibernate.query.internal.AbstractProducedQuery.list(AbstractProducedQuery.java:1423)
	at com.intiformation.gestion_ecole.dao.AdministrateurDaoImpl.getAllAdministrateur(AdministrateurDaoImpl.java:27)
	at sun.reflect.NativeMethodAccessorImpl.invoke0(Native Method)
	at sun.reflect.NativeMethodAccessorImpl.invoke(NativeMethodAccessorImpl.java:62)
	at sun.reflect.DelegatingMethodAccessorImpl.invoke(DelegatingMethodAccessorImpl.java:43)
	at java.lang.reflect.Method.invoke(Method.java:498)
	at org.springframework.aop.support.AopUtils.invokeJoinpointUsingReflection(AopUtils.java:344)
	at org.springframework.aop.framework.ReflectiveMethodInvocation.invokeJoinpoint(ReflectiveMethodInvocation.java:198)
	at org.springframework.aop.framework.ReflectiveMethodInvocation.proceed(ReflectiveMethodInvocation.java:163)
	at org.springframework.transaction.interceptor.TransactionAspectSupport.invokeWithinTransaction(TransactionAspectSupport.java:353)
	at org.springframework.transaction.interceptor.TransactionInterceptor.invoke(TransactionInterceptor.java:99)
	at org.springframework.aop.framework.ReflectiveMethodInvocation.proceed(ReflectiveMethodInvocation.java:186)
	at org.springframework.aop.framework.JdkDynamicAopProxy.invoke(JdkDynamicAopProxy.java:212)
	at com.sun.proxy.$Proxy47.getAllAdministrateur(Unknown Source)
	at com.intiformation.gestion_ecole.test.TestAdministrateurDao.testSupprimerAdministrateur(TestAdministrateurDao.java:117)
	at sun.reflect.NativeMethodAccessorImpl.invoke0(Native Method)
	at sun.reflect.NativeMethodAccessorImpl.invoke(NativeMethodAccessorImpl.java:62)
	at sun.reflect.DelegatingMethodAccessorImpl.invoke(DelegatingMethodAccessorImpl.java:43)
	at java.lang.reflect.Method.invoke(Method.java:498)
	at org.junit.runners.model.FrameworkMethod$1.runReflectiveCall(FrameworkMethod.java:50)
	at org.junit.internal.runners.model.ReflectiveCallable.run(ReflectiveCallable.java:12)
	at org.junit.runners.model.FrameworkMethod.invokeExplosively(FrameworkMethod.java:47)
	at org.junit.internal.runners.statements.InvokeMethod.evaluate(InvokeMethod.java:17)
	at org.springframework.test.context.junit4.statements.RunBeforeTestExecutionCallbacks.evaluate(RunBeforeTestExecutionCallbacks.java:73)
	at org.springframework.test.context.junit4.statements.RunAfterTestExecutionCallbacks.evaluate(RunAfterTestExecutionCallbacks.java:83)
	at org.springframework.test.context.junit4.statements.RunBeforeTestMethodCallbacks.evaluate(RunBeforeTestMethodCallbacks.java:75)
	at org.springframework.test.context.junit4.statements.RunAfterTestMethodCallbacks.evaluate(RunAfterTestMethodCallbacks.java:86)
	at org.springframework.test.context.junit4.statements.SpringRepeat.evaluate(SpringRepeat.java:84)
	at org.junit.runners.ParentRunner.runLeaf(ParentRunner.java:325)
	at org.springframework.test.context.junit4.SpringJUnit4ClassRunner.runChild(SpringJUnit4ClassRunner.java:251)
	at org.springframework.test.context.junit4.SpringJUnit4ClassRunner.runChild(SpringJUnit4ClassRunner.java:97)
	at org.junit.runners.ParentRunner$3.run(ParentRunner.java:290)
	at org.junit.runners.ParentRunner$1.schedule(ParentRunner.java:71)
	at org.junit.runners.ParentRunner.runChildren(ParentRunner.java:288)
	at org.junit.runners.ParentRunner.access$000(ParentRunner.java:58)
	at org.junit.runners.ParentRunner$2.evaluate(ParentRunner.java:268)
	at org.springframework.test.context.junit4.statements.RunBeforeTestClassCallbacks.evaluate(RunBeforeTestClassCallbacks.java:61)
	at org.springframework.test.context.junit4.statements.RunAfterTestClassCallbacks.evaluate(RunAfterTestClassCallbacks.java:70)
	at org.junit.runners.ParentRunner.run(ParentRunner.java:363)
	at org.springframework.test.context.junit4.SpringJUnit4ClassRunner.run(SpringJUnit4ClassRunner.java:190)
	at org.apache.maven.surefire.junit4.JUnit4Provider.execute(JUnit4Provider.java:252)
	at org.apache.maven.surefire.junit4.JUnit4Provider.executeTestSet(JUnit4Provider.java:141)
	at org.apache.maven.surefire.junit4.JUnit4Provider.invoke(JUnit4Provider.java:112)
	at sun.reflect.NativeMethodAccessorImpl.invoke0(Native Method)
	at sun.reflect.NativeMethodAccessorImpl.invoke(NativeMethodAccessorImpl.java:62)
	at sun.reflect.DelegatingMethodAccessorImpl.invoke(DelegatingMethodAccessorImpl.java:43)
	at java.lang.reflect.Method.invoke(Method.java:498)
	at org.apache.maven.surefire.util.ReflectionUtils.invokeMethodWithArray(ReflectionUtils.java:189)
	at org.apache.maven.surefire.booter.ProviderFactory$ProviderProxy.invoke(ProviderFactory.java:165)
	at org.apache.maven.surefire.booter.ProviderFactory.invokeProvider(ProviderFactory.java:85)
	at org.apache.maven.surefire.booter.ForkedBooter.runSuitesInProcess(ForkedBooter.java:115)
	at org.apache.maven.surefire.booter.ForkedBooter.main(ForkedBooter.java:75)
</error>
    <system-out>Hibernate: insert into personnes (adresse_id, username, password, nom, prenom, role) values (?, ?, ?, ?, ?, &apos;ROLE_ADMINISTRATEUR&apos;)
Hibernate: select administra0_.identifiant as identifi2_8_, administra0_.adresse_id as adresse_9_8_, administra0_.username as username3_8_, administra0_.password as password4_8_, administra0_.nom as nom5_8_, administra0_.prenom as prenom6_8_ from personnes administra0_ where administra0_.role=&apos;ROLE_ADMINISTRATEUR&apos;
Hibernate: select adresse0_.adresse_id as adresse_1_0_0_, adresse0_.codePostal as codePost2_0_0_, adresse0_.rue as rue3_0_0_, adresse0_.ville as ville4_0_0_, personne1_.identifiant as identifi2_8_1_, personne1_.adresse_id as adresse_9_8_1_, personne1_.username as username3_8_1_, personne1_.password as password4_8_1_, personne1_.nom as nom5_8_1_, personne1_.prenom as prenom6_8_1_, personne1_.dateDeNaissance as dateDeNa7_8_1_, personne1_.photo as photo8_8_1_, personne1_.role as role1_8_1_ from adresses adresse0_ left outer join personnes personne1_ on adresse0_.adresse_id=personne1_.adresse_id where adresse0_.adresse_id=?
Hibernate: select personne0_.identifiant as identifi2_8_1_, personne0_.adresse_id as adresse_9_8_1_, personne0_.username as username3_8_1_, personne0_.password as password4_8_1_, personne0_.nom as nom5_8_1_, personne0_.prenom as prenom6_8_1_, personne0_.dateDeNaissance as dateDeNa7_8_1_, personne0_.photo as photo8_8_1_, personne0_.role as role1_8_1_, adresse1_.adresse_id as adresse_1_0_0_, adresse1_.codePostal as codePost2_0_0_, adresse1_.rue as rue3_0_0_, adresse1_.ville as ville4_0_0_ from personnes personne0_ left outer join adresses adresse1_ on personne0_.adresse_id=adresse1_.adresse_id where personne0_.adresse_id=?
</system-out>
    <system-err>Wed Apr 29 19:51:27 CEST 2020 WARN: Establishing SSL connection without server&apos;s identity verification is not recommended. According to MySQL 5.5.45+, 5.6.26+ and 5.7.6+ requirements SSL connection must be established by default if explicit option isn&apos;t set. For compliance with existing applications not using SSL the verifyServerCertificate property is set to &apos;false&apos;. You need either to explicitly disable SSL by setting useSSL=false, or set useSSL=true and provide truststore for server certificate verification.
</system-err>
  </testcase>
  <testcase classname="com.intiformation.gestion_ecole.test.TestAdministrateurDao" name="testAjouterAdministrateur" time="0.118">
    <error message="deleted object would be re-saved by cascade (remove deleted object from associations): [com.intiformation.gestion_ecole.domain.Administrateur#1]" type="javax.persistence.EntityNotFoundException">javax.persistence.EntityNotFoundException: deleted object would be re-saved by cascade (remove deleted object from associations): [com.intiformation.gestion_ecole.domain.Administrateur#1]
	at org.hibernate.internal.ExceptionConverterImpl.convert(ExceptionConverterImpl.java:128)
	at org.hibernate.internal.ExceptionConverterImpl.convert(ExceptionConverterImpl.java:157)
	at org.hibernate.query.internal.AbstractProducedQuery.list(AbstractProducedQuery.java:1423)
	at com.intiformation.gestion_ecole.dao.PersonneDaoImpl.getAll(PersonneDaoImpl.java:119)
	at sun.reflect.NativeMethodAccessorImpl.invoke0(Native Method)
	at sun.reflect.NativeMethodAccessorImpl.invoke(NativeMethodAccessorImpl.java:62)
	at sun.reflect.DelegatingMethodAccessorImpl.invoke(DelegatingMethodAccessorImpl.java:43)
	at java.lang.reflect.Method.invoke(Method.java:498)
	at org.springframework.aop.support.AopUtils.invokeJoinpointUsingReflection(AopUtils.java:344)
	at org.springframework.aop.framework.ReflectiveMethodInvocation.invokeJoinpoint(ReflectiveMethodInvocation.java:198)
	at org.springframework.aop.framework.ReflectiveMethodInvocation.proceed(ReflectiveMethodInvocation.java:163)
	at org.springframework.transaction.interceptor.TransactionAspectSupport.invokeWithinTransaction(TransactionAspectSupport.java:353)
	at org.springframework.transaction.interceptor.TransactionInterceptor.invoke(TransactionInterceptor.java:99)
	at org.springframework.aop.framework.ReflectiveMethodInvocation.proceed(ReflectiveMethodInvocation.java:186)
	at org.springframework.aop.framework.JdkDynamicAopProxy.invoke(JdkDynamicAopProxy.java:212)
	at com.sun.proxy.$Proxy47.getAll(Unknown Source)
	at com.intiformation.gestion_ecole.test.TestAdministrateurDao.testAjouterAdministrateur(TestAdministrateurDao.java:54)
	at sun.reflect.NativeMethodAccessorImpl.invoke0(Native Method)
	at sun.reflect.NativeMethodAccessorImpl.invoke(NativeMethodAccessorImpl.java:62)
	at sun.reflect.DelegatingMethodAccessorImpl.invoke(DelegatingMethodAccessorImpl.java:43)
	at java.lang.reflect.Method.invoke(Method.java:498)
	at org.junit.runners.model.FrameworkMethod$1.runReflectiveCall(FrameworkMethod.java:50)
	at org.junit.internal.runners.model.ReflectiveCallable.run(ReflectiveCallable.java:12)
	at org.junit.runners.model.FrameworkMethod.invokeExplosively(FrameworkMethod.java:47)
	at org.junit.internal.runners.statements.InvokeMethod.evaluate(InvokeMethod.java:17)
	at org.springframework.test.context.junit4.statements.RunBeforeTestExecutionCallbacks.evaluate(RunBeforeTestExecutionCallbacks.java:73)
	at org.springframework.test.context.junit4.statements.RunAfterTestExecutionCallbacks.evaluate(RunAfterTestExecutionCallbacks.java:83)
	at org.springframework.test.context.junit4.statements.RunBeforeTestMethodCallbacks.evaluate(RunBeforeTestMethodCallbacks.java:75)
	at org.springframework.test.context.junit4.statements.RunAfterTestMethodCallbacks.evaluate(RunAfterTestMethodCallbacks.java:86)
	at org.springframework.test.context.junit4.statements.SpringRepeat.evaluate(SpringRepeat.java:84)
	at org.junit.runners.ParentRunner.runLeaf(ParentRunner.java:325)
	at org.springframework.test.context.junit4.SpringJUnit4ClassRunner.runChild(SpringJUnit4ClassRunner.java:251)
	at org.springframework.test.context.junit4.SpringJUnit4ClassRunner.runChild(SpringJUnit4ClassRunner.java:97)
	at org.junit.runners.ParentRunner$3.run(ParentRunner.java:290)
	at org.junit.runners.ParentRunner$1.schedule(ParentRunner.java:71)
	at org.junit.runners.ParentRunner.runChildren(ParentRunner.java:288)
	at org.junit.runners.ParentRunner.access$000(ParentRunner.java:58)
	at org.junit.runners.ParentRunner$2.evaluate(ParentRunner.java:268)
	at org.springframework.test.context.junit4.statements.RunBeforeTestClassCallbacks.evaluate(RunBeforeTestClassCallbacks.java:61)
	at org.springframework.test.context.junit4.statements.RunAfterTestClassCallbacks.evaluate(RunAfterTestClassCallbacks.java:70)
	at org.junit.runners.ParentRunner.run(ParentRunner.java:363)
	at org.springframework.test.context.junit4.SpringJUnit4ClassRunner.run(SpringJUnit4ClassRunner.java:190)
	at org.apache.maven.surefire.junit4.JUnit4Provider.execute(JUnit4Provider.java:252)
	at org.apache.maven.surefire.junit4.JUnit4Provider.executeTestSet(JUnit4Provider.java:141)
	at org.apache.maven.surefire.junit4.JUnit4Provider.invoke(JUnit4Provider.java:112)
	at sun.reflect.NativeMethodAccessorImpl.invoke0(Native Method)
	at sun.reflect.NativeMethodAccessorImpl.invoke(NativeMethodAccessorImpl.java:62)
	at sun.reflect.DelegatingMethodAccessorImpl.invoke(DelegatingMethodAccessorImpl.java:43)
	at java.lang.reflect.Method.invoke(Method.java:498)
	at org.apache.maven.surefire.util.ReflectionUtils.invokeMethodWithArray(ReflectionUtils.java:189)
	at org.apache.maven.surefire.booter.ProviderFactory$ProviderProxy.invoke(ProviderFactory.java:165)
	at org.apache.maven.surefire.booter.ProviderFactory.invokeProvider(ProviderFactory.java:85)
	at org.apache.maven.surefire.booter.ForkedBooter.runSuitesInProcess(ForkedBooter.java:115)
	at org.apache.maven.surefire.booter.ForkedBooter.main(ForkedBooter.java:75)
</error>
    <system-out>Hibernate: insert into personnes (adresse_id, username, password, nom, prenom, role) values (?, ?, ?, ?, ?, &apos;ROLE_ADMINISTRATEUR&apos;)
Hibernate: select administra0_.identifiant as identifi2_8_, administra0_.adresse_id as adresse_9_8_, administra0_.username as username3_8_, administra0_.password as password4_8_, administra0_.nom as nom5_8_, administra0_.prenom as prenom6_8_ from personnes administra0_ where administra0_.role=&apos;ROLE_ADMINISTRATEUR&apos;
Hibernate: select adresse0_.adresse_id as adresse_1_0_0_, adresse0_.codePostal as codePost2_0_0_, adresse0_.rue as rue3_0_0_, adresse0_.ville as ville4_0_0_, personne1_.identifiant as identifi2_8_1_, personne1_.adresse_id as adresse_9_8_1_, personne1_.username as username3_8_1_, personne1_.password as password4_8_1_, personne1_.nom as nom5_8_1_, personne1_.prenom as prenom6_8_1_, personne1_.dateDeNaissance as dateDeNa7_8_1_, personne1_.photo as photo8_8_1_, personne1_.role as role1_8_1_ from adresses adresse0_ left outer join personnes personne1_ on adresse0_.adresse_id=personne1_.adresse_id where adresse0_.adresse_id=?
Hibernate: select personne0_.identifiant as identifi2_8_1_, personne0_.adresse_id as adresse_9_8_1_, personne0_.username as username3_8_1_, personne0_.password as password4_8_1_, personne0_.nom as nom5_8_1_, personne0_.prenom as prenom6_8_1_, personne0_.dateDeNaissance as dateDeNa7_8_1_, personne0_.photo as photo8_8_1_, personne0_.role as role1_8_1_, adresse1_.adresse_id as adresse_1_0_0_, adresse1_.codePostal as codePost2_0_0_, adresse1_.rue as rue3_0_0_, adresse1_.ville as ville4_0_0_ from personnes personne0_ left outer join adresses adresse1_ on personne0_.adresse_id=adresse1_.adresse_id where personne0_.adresse_id=?
</system-out>
    <system-err>Wed Apr 29 19:51:27 CEST 2020 WARN: Establishing SSL connection without server&apos;s identity verification is not recommended. According to MySQL 5.5.45+, 5.6.26+ and 5.7.6+ requirements SSL connection must be established by default if explicit option isn&apos;t set. For compliance with existing applications not using SSL the verifyServerCertificate property is set to &apos;false&apos;. You need either to explicitly disable SSL by setting useSSL=false, or set useSSL=true and provide truststore for server certificate verification.
</system-err>
  </testcase>
</testsuite>