<?xml version="1.0" encoding="UTF-8" ?>
<testsuite tests="8" failures="0" name="com.intiformation.gestion_ecole.test.TestPersonneDAO" time="0.675" errors="8" skipped="0">
  <properties>
[...]
</properties>
  <testcase classname="com.intiformation.gestion_ecole.test.TestPersonneDAO" name="testgetPersonneByMailMDP" time="0.191">
    <error message="deleted object would be re-saved by cascade (remove deleted object from associations): [com.intiformation.gestion_ecole.domain.Administrateur#1]" type="javax.persistence.EntityNotFoundException">javax.persistence.EntityNotFoundException: deleted object would be re-saved by cascade (remove deleted object from associations): [com.intiformation.gestion_ecole.domain.Administrateur#1]
	at org.hibernate.internal.ExceptionConverterImpl.convert(ExceptionConverterImpl.java:128)
	at org.hibernate.internal.ExceptionConverterImpl.convert(ExceptionConverterImpl.java:157)
	at org.hibernate.query.internal.AbstractProducedQuery.list(AbstractProducedQuery.java:1423)
	at com.intiformation.gestion_ecole.dao.PersonneDaoImpl.getAll(PersonneDaoImpl.java:119)
	at sun.reflect.NativeMethodAccessorImpl.invoke0(Native Method)
	at sun.reflect.NativeMethodAccessorImpl.invoke(NativeMethodAccessorImpl.java:62)
	at sun.reflect.DelegatingMethodAccessorImpl.invoke(DelegatingMethodAccessorImpl.java:43)
	at java.lang.reflect.Method.invoke(Method.java:498)
	at org.springframework.aop.support.AopUtils.invokeJoinpointUsingReflection(AopUtils.java:344)
	at org.springframework.aop.framework.ReflectiveMethodInvocation.invokeJoinpoint(ReflectiveMethodInvocation.java:198)
	at org.springframework.aop.framework.ReflectiveMethodInvocation.proceed(ReflectiveMethodInvocation.java:163)
	at org.springframework.transaction.interceptor.TransactionAspectSupport.invokeWithinTransaction(TransactionAspectSupport.java:353)
	at org.springframework.transaction.interceptor.TransactionInterceptor.invoke(TransactionInterceptor.java:99)
	at org.springframework.aop.framework.ReflectiveMethodInvocation.proceed(ReflectiveMethodInvocation.java:186)
	at org.springframework.aop.framework.JdkDynamicAopProxy.invoke(JdkDynamicAopProxy.java:212)
	at com.sun.proxy.$Proxy55.getAll(Unknown Source)
	at com.intiformation.gestion_ecole.test.TestPersonneDAO.testgetPersonneByMailMDP(TestPersonneDAO.java:234)
	at sun.reflect.NativeMethodAccessorImpl.invoke0(Native Method)
	at sun.reflect.NativeMethodAccessorImpl.invoke(NativeMethodAccessorImpl.java:62)
	at sun.reflect.DelegatingMethodAccessorImpl.invoke(DelegatingMethodAccessorImpl.java:43)
	at java.lang.reflect.Method.invoke(Method.java:498)
	at org.junit.runners.model.FrameworkMethod$1.runReflectiveCall(FrameworkMethod.java:50)
	at org.junit.internal.runners.model.ReflectiveCallable.run(ReflectiveCallable.java:12)
	at org.junit.runners.model.FrameworkMethod.invokeExplosively(FrameworkMethod.java:47)
	at org.junit.internal.runners.statements.InvokeMethod.evaluate(InvokeMethod.java:17)
	at org.springframework.test.context.junit4.statements.RunBeforeTestExecutionCallbacks.evaluate(RunBeforeTestExecutionCallbacks.java:73)
	at org.springframework.test.context.junit4.statements.RunAfterTestExecutionCallbacks.evaluate(RunAfterTestExecutionCallbacks.java:83)
	at org.springframework.test.context.junit4.statements.RunBeforeTestMethodCallbacks.evaluate(RunBeforeTestMethodCallbacks.java:75)
	at org.springframework.test.context.junit4.statements.RunAfterTestMethodCallbacks.evaluate(RunAfterTestMethodCallbacks.java:86)
	at org.springframework.test.context.junit4.statements.SpringRepeat.evaluate(SpringRepeat.java:84)
	at org.junit.runners.ParentRunner.runLeaf(ParentRunner.java:325)
	at org.springframework.test.context.junit4.SpringJUnit4ClassRunner.runChild(SpringJUnit4ClassRunner.java:251)
	at org.springframework.test.context.junit4.SpringJUnit4ClassRunner.runChild(SpringJUnit4ClassRunner.java:97)
	at org.junit.runners.ParentRunner$3.run(ParentRunner.java:290)
	at org.junit.runners.ParentRunner$1.schedule(ParentRunner.java:71)
	at org.junit.runners.ParentRunner.runChildren(ParentRunner.java:288)
	at org.junit.runners.ParentRunner.access$000(ParentRunner.java:58)
	at org.junit.runners.ParentRunner$2.evaluate(ParentRunner.java:268)
	at org.springframework.test.context.junit4.statements.RunBeforeTestClassCallbacks.evaluate(RunBeforeTestClassCallbacks.java:61)
	at org.springframework.test.context.junit4.statements.RunAfterTestClassCallbacks.evaluate(RunAfterTestClassCallbacks.java:70)
	at org.junit.runners.ParentRunner.run(ParentRunner.java:363)
	at org.springframework.test.context.junit4.SpringJUnit4ClassRunner.run(SpringJUnit4ClassRunner.java:190)
	at org.apache.maven.surefire.junit4.JUnit4Provider.execute(JUnit4Provider.java:252)
	at org.apache.maven.surefire.junit4.JUnit4Provider.executeTestSet(JUnit4Provider.java:141)
	at org.apache.maven.surefire.junit4.JUnit4Provider.invoke(JUnit4Provider.java:112)
	at sun.reflect.NativeMethodAccessorImpl.invoke0(Native Method)
	at sun.reflect.NativeMethodAccessorImpl.invoke(NativeMethodAccessorImpl.java:62)
	at sun.reflect.DelegatingMethodAccessorImpl.invoke(DelegatingMethodAccessorImpl.java:43)
	at java.lang.reflect.Method.invoke(Method.java:498)
	at org.apache.maven.surefire.util.ReflectionUtils.invokeMethodWithArray(ReflectionUtils.java:189)
	at org.apache.maven.surefire.booter.ProviderFactory$ProviderProxy.invoke(ProviderFactory.java:165)
	at org.apache.maven.surefire.booter.ProviderFactory.invokeProvider(ProviderFactory.java:85)
	at org.apache.maven.surefire.booter.ForkedBooter.runSuitesInProcess(ForkedBooter.java:115)
	at org.apache.maven.surefire.booter.ForkedBooter.main(ForkedBooter.java:75)
</error>
    <system-out>Hibernate: insert into personnes (adresse_id, username, password, nom, prenom, role) values (?, ?, ?, ?, ?, &apos;personne&apos;)
Hibernate: select personne0_.identifiant as identifi2_8_, personne0_.adresse_id as adresse_9_8_, personne0_.username as username3_8_, personne0_.password as password4_8_, personne0_.nom as nom5_8_, personne0_.prenom as prenom6_8_, personne0_.dateDeNaissance as dateDeNa7_8_, personne0_.photo as photo8_8_, personne0_.role as role1_8_ from personnes personne0_
Hibernate: select adresse0_.adresse_id as adresse_1_0_0_, adresse0_.codePostal as codePost2_0_0_, adresse0_.rue as rue3_0_0_, adresse0_.ville as ville4_0_0_, personne1_.identifiant as identifi2_8_1_, personne1_.adresse_id as adresse_9_8_1_, personne1_.username as username3_8_1_, personne1_.password as password4_8_1_, personne1_.nom as nom5_8_1_, personne1_.prenom as prenom6_8_1_, personne1_.dateDeNaissance as dateDeNa7_8_1_, personne1_.photo as photo8_8_1_, personne1_.role as role1_8_1_ from adresses adresse0_ left outer join personnes personne1_ on adresse0_.adresse_id=personne1_.adresse_id where adresse0_.adresse_id=?
Hibernate: select personne0_.identifiant as identifi2_8_1_, personne0_.adresse_id as adresse_9_8_1_, personne0_.username as username3_8_1_, personne0_.password as password4_8_1_, personne0_.nom as nom5_8_1_, personne0_.prenom as prenom6_8_1_, personne0_.dateDeNaissance as dateDeNa7_8_1_, personne0_.photo as photo8_8_1_, personne0_.role as role1_8_1_, adresse1_.adresse_id as adresse_1_0_0_, adresse1_.codePostal as codePost2_0_0_, adresse1_.rue as rue3_0_0_, adresse1_.ville as ville4_0_0_ from personnes personne0_ left outer join adresses adresse1_ on personne0_.adresse_id=adresse1_.adresse_id where personne0_.adresse_id=?
Hibernate: select adresse0_.adresse_id as adresse_1_0_0_, adresse0_.codePostal as codePost2_0_0_, adresse0_.rue as rue3_0_0_, adresse0_.ville as ville4_0_0_, personne1_.identifiant as identifi2_8_1_, personne1_.adresse_id as adresse_9_8_1_, personne1_.username as username3_8_1_, personne1_.password as password4_8_1_, personne1_.nom as nom5_8_1_, personne1_.prenom as prenom6_8_1_, personne1_.dateDeNaissance as dateDeNa7_8_1_, personne1_.photo as photo8_8_1_, personne1_.role as role1_8_1_ from adresses adresse0_ left outer join personnes personne1_ on adresse0_.adresse_id=personne1_.adresse_id where adresse0_.adresse_id=?
Hibernate: select personne0_.identifiant as identifi2_8_1_, personne0_.adresse_id as adresse_9_8_1_, personne0_.username as username3_8_1_, personne0_.password as password4_8_1_, personne0_.nom as nom5_8_1_, personne0_.prenom as prenom6_8_1_, personne0_.dateDeNaissance as dateDeNa7_8_1_, personne0_.photo as photo8_8_1_, personne0_.role as role1_8_1_, adresse1_.adresse_id as adresse_1_0_0_, adresse1_.codePostal as codePost2_0_0_, adresse1_.rue as rue3_0_0_, adresse1_.ville as ville4_0_0_ from personnes personne0_ left outer join adresses adresse1_ on personne0_.adresse_id=adresse1_.adresse_id where personne0_.adresse_id=?
Hibernate: select adresse0_.adresse_id as adresse_1_0_0_, adresse0_.codePostal as codePost2_0_0_, adresse0_.rue as rue3_0_0_, adresse0_.ville as ville4_0_0_, personne1_.identifiant as identifi2_8_1_, personne1_.adresse_id as adresse_9_8_1_, personne1_.username as username3_8_1_, personne1_.password as password4_8_1_, personne1_.nom as nom5_8_1_, personne1_.prenom as prenom6_8_1_, personne1_.dateDeNaissance as dateDeNa7_8_1_, personne1_.photo as photo8_8_1_, personne1_.role as role1_8_1_ from adresses adresse0_ left outer join personnes personne1_ on adresse0_.adresse_id=personne1_.adresse_id where adresse0_.adresse_id=?
Hibernate: select personne0_.identifiant as identifi2_8_1_, personne0_.adresse_id as adresse_9_8_1_, personne0_.username as username3_8_1_, personne0_.password as password4_8_1_, personne0_.nom as nom5_8_1_, personne0_.prenom as prenom6_8_1_, personne0_.dateDeNaissance as dateDeNa7_8_1_, personne0_.photo as photo8_8_1_, personne0_.role as role1_8_1_, adresse1_.adresse_id as adresse_1_0_0_, adresse1_.codePostal as codePost2_0_0_, adresse1_.rue as rue3_0_0_, adresse1_.ville as ville4_0_0_ from personnes personne0_ left outer join adresses adresse1_ on personne0_.adresse_id=adresse1_.adresse_id where personne0_.adresse_id=?
Hibernate: select adresse0_.adresse_id as adresse_1_0_0_, adresse0_.codePostal as codePost2_0_0_, adresse0_.rue as rue3_0_0_, adresse0_.ville as ville4_0_0_, personne1_.identifiant as identifi2_8_1_, personne1_.adresse_id as adresse_9_8_1_, personne1_.username as username3_8_1_, personne1_.password as password4_8_1_, personne1_.nom as nom5_8_1_, personne1_.prenom as prenom6_8_1_, personne1_.dateDeNaissance as dateDeNa7_8_1_, personne1_.photo as photo8_8_1_, personne1_.role as role1_8_1_ from adresses adresse0_ left outer join personnes personne1_ on adresse0_.adresse_id=personne1_.adresse_id where adresse0_.adresse_id=?
Hibernate: select personne0_.identifiant as identifi2_8_1_, personne0_.adresse_id as adresse_9_8_1_, personne0_.username as username3_8_1_, personne0_.password as password4_8_1_, personne0_.nom as nom5_8_1_, personne0_.prenom as prenom6_8_1_, personne0_.dateDeNaissance as dateDeNa7_8_1_, personne0_.photo as photo8_8_1_, personne0_.role as role1_8_1_, adresse1_.adresse_id as adresse_1_0_0_, adresse1_.codePostal as codePost2_0_0_, adresse1_.rue as rue3_0_0_, adresse1_.ville as ville4_0_0_ from personnes personne0_ left outer join adresses adresse1_ on personne0_.adresse_id=adresse1_.adresse_id where personne0_.adresse_id=?
Hibernate: select adresse0_.adresse_id as adresse_1_0_0_, adresse0_.codePostal as codePost2_0_0_, adresse0_.rue as rue3_0_0_, adresse0_.ville as ville4_0_0_, personne1_.identifiant as identifi2_8_1_, personne1_.adresse_id as adresse_9_8_1_, personne1_.username as username3_8_1_, personne1_.password as password4_8_1_, personne1_.nom as nom5_8_1_, personne1_.prenom as prenom6_8_1_, personne1_.dateDeNaissance as dateDeNa7_8_1_, personne1_.photo as photo8_8_1_, personne1_.role as role1_8_1_ from adresses adresse0_ left outer join personnes personne1_ on adresse0_.adresse_id=personne1_.adresse_id where adresse0_.adresse_id=?
Hibernate: select personne0_.identifiant as identifi2_8_1_, personne0_.adresse_id as adresse_9_8_1_, personne0_.username as username3_8_1_, personne0_.password as password4_8_1_, personne0_.nom as nom5_8_1_, personne0_.prenom as prenom6_8_1_, personne0_.dateDeNaissance as dateDeNa7_8_1_, personne0_.photo as photo8_8_1_, personne0_.role as role1_8_1_, adresse1_.adresse_id as adresse_1_0_0_, adresse1_.codePostal as codePost2_0_0_, adresse1_.rue as rue3_0_0_, adresse1_.ville as ville4_0_0_ from personnes personne0_ left outer join adresses adresse1_ on personne0_.adresse_id=adresse1_.adresse_id where personne0_.adresse_id=?
Hibernate: select adresse0_.adresse_id as adresse_1_0_0_, adresse0_.codePostal as codePost2_0_0_, adresse0_.rue as rue3_0_0_, adresse0_.ville as ville4_0_0_, personne1_.identifiant as identifi2_8_1_, personne1_.adresse_id as adresse_9_8_1_, personne1_.username as username3_8_1_, personne1_.password as password4_8_1_, personne1_.nom as nom5_8_1_, personne1_.prenom as prenom6_8_1_, personne1_.dateDeNaissance as dateDeNa7_8_1_, personne1_.photo as photo8_8_1_, personne1_.role as role1_8_1_ from adresses adresse0_ left outer join personnes personne1_ on adresse0_.adresse_id=personne1_.adresse_id where adresse0_.adresse_id=?
Hibernate: select personne0_.identifiant as identifi2_8_1_, personne0_.adresse_id as adresse_9_8_1_, personne0_.username as username3_8_1_, personne0_.password as password4_8_1_, personne0_.nom as nom5_8_1_, personne0_.prenom as prenom6_8_1_, personne0_.dateDeNaissance as dateDeNa7_8_1_, personne0_.photo as photo8_8_1_, personne0_.role as role1_8_1_, adresse1_.adresse_id as adresse_1_0_0_, adresse1_.codePostal as codePost2_0_0_, adresse1_.rue as rue3_0_0_, adresse1_.ville as ville4_0_0_ from personnes personne0_ left outer join adresses adresse1_ on personne0_.adresse_id=adresse1_.adresse_id where personne0_.adresse_id=?
Hibernate: select adresse0_.adresse_id as adresse_1_0_0_, adresse0_.codePostal as codePost2_0_0_, adresse0_.rue as rue3_0_0_, adresse0_.ville as ville4_0_0_, personne1_.identifiant as identifi2_8_1_, personne1_.adresse_id as adresse_9_8_1_, personne1_.username as username3_8_1_, personne1_.password as password4_8_1_, personne1_.nom as nom5_8_1_, personne1_.prenom as prenom6_8_1_, personne1_.dateDeNaissance as dateDeNa7_8_1_, personne1_.photo as photo8_8_1_, personne1_.role as role1_8_1_ from adresses adresse0_ left outer join personnes personne1_ on adresse0_.adresse_id=personne1_.adresse_id where adresse0_.adresse_id=?
Hibernate: select personne0_.identifiant as identifi2_8_1_, personne0_.adresse_id as adresse_9_8_1_, personne0_.username as username3_8_1_, personne0_.password as password4_8_1_, personne0_.nom as nom5_8_1_, personne0_.prenom as prenom6_8_1_, personne0_.dateDeNaissance as dateDeNa7_8_1_, personne0_.photo as photo8_8_1_, personne0_.role as role1_8_1_, adresse1_.adresse_id as adresse_1_0_0_, adresse1_.codePostal as codePost2_0_0_, adresse1_.rue as rue3_0_0_, adresse1_.ville as ville4_0_0_ from personnes personne0_ left outer join adresses adresse1_ on personne0_.adresse_id=adresse1_.adresse_id where personne0_.adresse_id=?
Hibernate: select adresse0_.adresse_id as adresse_1_0_0_, adresse0_.codePostal as codePost2_0_0_, adresse0_.rue as rue3_0_0_, adresse0_.ville as ville4_0_0_, personne1_.identifiant as identifi2_8_1_, personne1_.adresse_id as adresse_9_8_1_, personne1_.username as username3_8_1_, personne1_.password as password4_8_1_, personne1_.nom as nom5_8_1_, personne1_.prenom as prenom6_8_1_, personne1_.dateDeNaissance as dateDeNa7_8_1_, personne1_.photo as photo8_8_1_, personne1_.role as role1_8_1_ from adresses adresse0_ left outer join personnes personne1_ on adresse0_.adresse_id=personne1_.adresse_id where adresse0_.adresse_id=?
Hibernate: select personne0_.identifiant as identifi2_8_1_, personne0_.adresse_id as adresse_9_8_1_, personne0_.username as username3_8_1_, personne0_.password as password4_8_1_, personne0_.nom as nom5_8_1_, personne0_.prenom as prenom6_8_1_, personne0_.dateDeNaissance as dateDeNa7_8_1_, personne0_.photo as photo8_8_1_, personne0_.role as role1_8_1_, adresse1_.adresse_id as adresse_1_0_0_, adresse1_.codePostal as codePost2_0_0_, adresse1_.rue as rue3_0_0_, adresse1_.ville as ville4_0_0_ from personnes personne0_ left outer join adresses adresse1_ on personne0_.adresse_id=adresse1_.adresse_id where personne0_.adresse_id=?
Hibernate: select adresse0_.adresse_id as adresse_1_0_0_, adresse0_.codePostal as codePost2_0_0_, adresse0_.rue as rue3_0_0_, adresse0_.ville as ville4_0_0_, personne1_.identifiant as identifi2_8_1_, personne1_.adresse_id as adresse_9_8_1_, personne1_.username as username3_8_1_, personne1_.password as password4_8_1_, personne1_.nom as nom5_8_1_, personne1_.prenom as prenom6_8_1_, personne1_.dateDeNaissance as dateDeNa7_8_1_, personne1_.photo as photo8_8_1_, personne1_.role as role1_8_1_ from adresses adresse0_ left outer join personnes personne1_ on adresse0_.adresse_id=personne1_.adresse_id where adresse0_.adresse_id=?
Hibernate: select personne0_.identifiant as identifi2_8_1_, personne0_.adresse_id as adresse_9_8_1_, personne0_.username as username3_8_1_, personne0_.password as password4_8_1_, personne0_.nom as nom5_8_1_, personne0_.prenom as prenom6_8_1_, personne0_.dateDeNaissance as dateDeNa7_8_1_, personne0_.photo as photo8_8_1_, personne0_.role as role1_8_1_, adresse1_.adresse_id as adresse_1_0_0_, adresse1_.codePostal as codePost2_0_0_, adresse1_.rue as rue3_0_0_, adresse1_.ville as ville4_0_0_ from personnes personne0_ left outer join adresses adresse1_ on personne0_.adresse_id=adresse1_.adresse_id where personne0_.adresse_id=?
Hibernate: select adresse0_.adresse_id as adresse_1_0_0_, adresse0_.codePostal as codePost2_0_0_, adresse0_.rue as rue3_0_0_, adresse0_.ville as ville4_0_0_, personne1_.identifiant as identifi2_8_1_, personne1_.adresse_id as adresse_9_8_1_, personne1_.username as username3_8_1_, personne1_.password as password4_8_1_, personne1_.nom as nom5_8_1_, personne1_.prenom as prenom6_8_1_, personne1_.dateDeNaissance as dateDeNa7_8_1_, personne1_.photo as photo8_8_1_, personne1_.role as role1_8_1_ from adresses adresse0_ left outer join personnes personne1_ on adresse0_.adresse_id=personne1_.adresse_id where adresse0_.adresse_id=?
Hibernate: select personne0_.identifiant as identifi2_8_1_, personne0_.adresse_id as adresse_9_8_1_, personne0_.username as username3_8_1_, personne0_.password as password4_8_1_, personne0_.nom as nom5_8_1_, personne0_.prenom as prenom6_8_1_, personne0_.dateDeNaissance as dateDeNa7_8_1_, personne0_.photo as photo8_8_1_, personne0_.role as role1_8_1_, adresse1_.adresse_id as adresse_1_0_0_, adresse1_.codePostal as codePost2_0_0_, adresse1_.rue as rue3_0_0_, adresse1_.ville as ville4_0_0_ from personnes personne0_ left outer join adresses adresse1_ on personne0_.adresse_id=adresse1_.adresse_id where personne0_.adresse_id=?
Hibernate: select adresse0_.adresse_id as adresse_1_0_0_, adresse0_.codePostal as codePost2_0_0_, adresse0_.rue as rue3_0_0_, adresse0_.ville as ville4_0_0_, personne1_.identifiant as identifi2_8_1_, personne1_.adresse_id as adresse_9_8_1_, personne1_.username as username3_8_1_, personne1_.password as password4_8_1_, personne1_.nom as nom5_8_1_, personne1_.prenom as prenom6_8_1_, personne1_.dateDeNaissance as dateDeNa7_8_1_, personne1_.photo as photo8_8_1_, personne1_.role as role1_8_1_ from adresses adresse0_ left outer join personnes personne1_ on adresse0_.adresse_id=personne1_.adresse_id where adresse0_.adresse_id=?
Hibernate: select personne0_.identifiant as identifi2_8_1_, personne0_.adresse_id as adresse_9_8_1_, personne0_.username as username3_8_1_, personne0_.password as password4_8_1_, personne0_.nom as nom5_8_1_, personne0_.prenom as prenom6_8_1_, personne0_.dateDeNaissance as dateDeNa7_8_1_, personne0_.photo as photo8_8_1_, personne0_.role as role1_8_1_, adresse1_.adresse_id as adresse_1_0_0_, adresse1_.codePostal as codePost2_0_0_, adresse1_.rue as rue3_0_0_, adresse1_.ville as ville4_0_0_ from personnes personne0_ left outer join adresses adresse1_ on personne0_.adresse_id=adresse1_.adresse_id where personne0_.adresse_id=?
Hibernate: select adresse0_.adresse_id as adresse_1_0_0_, adresse0_.codePostal as codePost2_0_0_, adresse0_.rue as rue3_0_0_, adresse0_.ville as ville4_0_0_, personne1_.identifiant as identifi2_8_1_, personne1_.adresse_id as adresse_9_8_1_, personne1_.username as username3_8_1_, personne1_.password as password4_8_1_, personne1_.nom as nom5_8_1_, personne1_.prenom as prenom6_8_1_, personne1_.dateDeNaissance as dateDeNa7_8_1_, personne1_.photo as photo8_8_1_, personne1_.role as role1_8_1_ from adresses adresse0_ left outer join personnes personne1_ on adresse0_.adresse_id=personne1_.adresse_id where adresse0_.adresse_id=?
Hibernate: select personne0_.identifiant as identifi2_8_1_, personne0_.adresse_id as adresse_9_8_1_, personne0_.username as username3_8_1_, personne0_.password as password4_8_1_, personne0_.nom as nom5_8_1_, personne0_.prenom as prenom6_8_1_, personne0_.dateDeNaissance as dateDeNa7_8_1_, personne0_.photo as photo8_8_1_, personne0_.role as role1_8_1_, adresse1_.adresse_id as adresse_1_0_0_, adresse1_.codePostal as codePost2_0_0_, adresse1_.rue as rue3_0_0_, adresse1_.ville as ville4_0_0_ from personnes personne0_ left outer join adresses adresse1_ on personne0_.adresse_id=adresse1_.adresse_id where personne0_.adresse_id=?
Hibernate: select adresse0_.adresse_id as adresse_1_0_0_, adresse0_.codePostal as codePost2_0_0_, adresse0_.rue as rue3_0_0_, adresse0_.ville as ville4_0_0_, personne1_.identifiant as identifi2_8_1_, personne1_.adresse_id as adresse_9_8_1_, personne1_.username as username3_8_1_, personne1_.password as password4_8_1_, personne1_.nom as nom5_8_1_, personne1_.prenom as prenom6_8_1_, personne1_.dateDeNaissance as dateDeNa7_8_1_, personne1_.photo as photo8_8_1_, personne1_.role as role1_8_1_ from adresses adresse0_ left outer join personnes personne1_ on adresse0_.adresse_id=personne1_.adresse_id where adresse0_.adresse_id=?
Hibernate: select personne0_.identifiant as identifi2_8_1_, personne0_.adresse_id as adresse_9_8_1_, personne0_.username as username3_8_1_, personne0_.password as password4_8_1_, personne0_.nom as nom5_8_1_, personne0_.prenom as prenom6_8_1_, personne0_.dateDeNaissance as dateDeNa7_8_1_, personne0_.photo as photo8_8_1_, personne0_.role as role1_8_1_, adresse1_.adresse_id as adresse_1_0_0_, adresse1_.codePostal as codePost2_0_0_, adresse1_.rue as rue3_0_0_, adresse1_.ville as ville4_0_0_ from personnes personne0_ left outer join adresses adresse1_ on personne0_.adresse_id=adresse1_.adresse_id where personne0_.adresse_id=?
Hibernate: select adresse0_.adresse_id as adresse_1_0_0_, adresse0_.codePostal as codePost2_0_0_, adresse0_.rue as rue3_0_0_, adresse0_.ville as ville4_0_0_, personne1_.identifiant as identifi2_8_1_, personne1_.adresse_id as adresse_9_8_1_, personne1_.username as username3_8_1_, personne1_.password as password4_8_1_, personne1_.nom as nom5_8_1_, personne1_.prenom as prenom6_8_1_, personne1_.dateDeNaissance as dateDeNa7_8_1_, personne1_.photo as photo8_8_1_, personne1_.role as role1_8_1_ from adresses adresse0_ left outer join personnes personne1_ on adresse0_.adresse_id=personne1_.adresse_id where adresse0_.adresse_id=?
Hibernate: select personne0_.identifiant as identifi2_8_1_, personne0_.adresse_id as adresse_9_8_1_, personne0_.username as username3_8_1_, personne0_.password as password4_8_1_, personne0_.nom as nom5_8_1_, personne0_.prenom as prenom6_8_1_, personne0_.dateDeNaissance as dateDeNa7_8_1_, personne0_.photo as photo8_8_1_, personne0_.role as role1_8_1_, adresse1_.adresse_id as adresse_1_0_0_, adresse1_.codePostal as codePost2_0_0_, adresse1_.rue as rue3_0_0_, adresse1_.ville as ville4_0_0_ from personnes personne0_ left outer join adresses adresse1_ on personne0_.adresse_id=adresse1_.adresse_id where personne0_.adresse_id=?
Hibernate: select adresse0_.adresse_id as adresse_1_0_0_, adresse0_.codePostal as codePost2_0_0_, adresse0_.rue as rue3_0_0_, adresse0_.ville as ville4_0_0_, personne1_.identifiant as identifi2_8_1_, personne1_.adresse_id as adresse_9_8_1_, personne1_.username as username3_8_1_, personne1_.password as password4_8_1_, personne1_.nom as nom5_8_1_, personne1_.prenom as prenom6_8_1_, personne1_.dateDeNaissance as dateDeNa7_8_1_, personne1_.photo as photo8_8_1_, personne1_.role as role1_8_1_ from adresses adresse0_ left outer join personnes personne1_ on adresse0_.adresse_id=personne1_.adresse_id where adresse0_.adresse_id=?
Hibernate: select personne0_.identifiant as identifi2_8_1_, personne0_.adresse_id as adresse_9_8_1_, personne0_.username as username3_8_1_, personne0_.password as password4_8_1_, personne0_.nom as nom5_8_1_, personne0_.prenom as prenom6_8_1_, personne0_.dateDeNaissance as dateDeNa7_8_1_, personne0_.photo as photo8_8_1_, personne0_.role as role1_8_1_, adresse1_.adresse_id as adresse_1_0_0_, adresse1_.codePostal as codePost2_0_0_, adresse1_.rue as rue3_0_0_, adresse1_.ville as ville4_0_0_ from personnes personne0_ left outer join adresses adresse1_ on personne0_.adresse_id=adresse1_.adresse_id where personne0_.adresse_id=?
Hibernate: select adresse0_.adresse_id as adresse_1_0_0_, adresse0_.codePostal as codePost2_0_0_, adresse0_.rue as rue3_0_0_, adresse0_.ville as ville4_0_0_, personne1_.identifiant as identifi2_8_1_, personne1_.adresse_id as adresse_9_8_1_, personne1_.username as username3_8_1_, personne1_.password as password4_8_1_, personne1_.nom as nom5_8_1_, personne1_.prenom as prenom6_8_1_, personne1_.dateDeNaissance as dateDeNa7_8_1_, personne1_.photo as photo8_8_1_, personne1_.role as role1_8_1_ from adresses adresse0_ left outer join personnes personne1_ on adresse0_.adresse_id=personne1_.adresse_id where adresse0_.adresse_id=?
Hibernate: select personne0_.identifiant as identifi2_8_1_, personne0_.adresse_id as adresse_9_8_1_, personne0_.username as username3_8_1_, personne0_.password as password4_8_1_, personne0_.nom as nom5_8_1_, personne0_.prenom as prenom6_8_1_, personne0_.dateDeNaissance as dateDeNa7_8_1_, personne0_.photo as photo8_8_1_, personne0_.role as role1_8_1_, adresse1_.adresse_id as adresse_1_0_0_, adresse1_.codePostal as codePost2_0_0_, adresse1_.rue as rue3_0_0_, adresse1_.ville as ville4_0_0_ from personnes personne0_ left outer join adresses adresse1_ on personne0_.adresse_id=adresse1_.adresse_id where personne0_.adresse_id=?
Hibernate: select adresse0_.adresse_id as adresse_1_0_0_, adresse0_.codePostal as codePost2_0_0_, adresse0_.rue as rue3_0_0_, adresse0_.ville as ville4_0_0_, personne1_.identifiant as identifi2_8_1_, personne1_.adresse_id as adresse_9_8_1_, personne1_.username as username3_8_1_, personne1_.password as password4_8_1_, personne1_.nom as nom5_8_1_, personne1_.prenom as prenom6_8_1_, personne1_.dateDeNaissance as dateDeNa7_8_1_, personne1_.photo as photo8_8_1_, personne1_.role as role1_8_1_ from adresses adresse0_ left outer join personnes personne1_ on adresse0_.adresse_id=personne1_.adresse_id where adresse0_.adresse_id=?
Hibernate: select personne0_.identifiant as identifi2_8_1_, personne0_.adresse_id as adresse_9_8_1_, personne0_.username as username3_8_1_, personne0_.password as password4_8_1_, personne0_.nom as nom5_8_1_, personne0_.prenom as prenom6_8_1_, personne0_.dateDeNaissance as dateDeNa7_8_1_, personne0_.photo as photo8_8_1_, personne0_.role as role1_8_1_, adresse1_.adresse_id as adresse_1_0_0_, adresse1_.codePostal as codePost2_0_0_, adresse1_.rue as rue3_0_0_, adresse1_.ville as ville4_0_0_ from personnes personne0_ left outer join adresses adresse1_ on personne0_.adresse_id=adresse1_.adresse_id where personne0_.adresse_id=?
Hibernate: select adresse0_.adresse_id as adresse_1_0_0_, adresse0_.codePostal as codePost2_0_0_, adresse0_.rue as rue3_0_0_, adresse0_.ville as ville4_0_0_, personne1_.identifiant as identifi2_8_1_, personne1_.adresse_id as adresse_9_8_1_, personne1_.username as username3_8_1_, personne1_.password as password4_8_1_, personne1_.nom as nom5_8_1_, personne1_.prenom as prenom6_8_1_, personne1_.dateDeNaissance as dateDeNa7_8_1_, personne1_.photo as photo8_8_1_, personne1_.role as role1_8_1_ from adresses adresse0_ left outer join personnes personne1_ on adresse0_.adresse_id=personne1_.adresse_id where adresse0_.adresse_id=?
Hibernate: select personne0_.identifiant as identifi2_8_1_, personne0_.adresse_id as adresse_9_8_1_, personne0_.username as username3_8_1_, personne0_.password as password4_8_1_, personne0_.nom as nom5_8_1_, personne0_.prenom as prenom6_8_1_, personne0_.dateDeNaissance as dateDeNa7_8_1_, personne0_.photo as photo8_8_1_, personne0_.role as role1_8_1_, adresse1_.adresse_id as adresse_1_0_0_, adresse1_.codePostal as codePost2_0_0_, adresse1_.rue as rue3_0_0_, adresse1_.ville as ville4_0_0_ from personnes personne0_ left outer join adresses adresse1_ on personne0_.adresse_id=adresse1_.adresse_id where personne0_.adresse_id=?
</system-out>
    <system-err>Wed Apr 29 19:51:28 CEST 2020 WARN: Establishing SSL connection without server&apos;s identity verification is not recommended. According to MySQL 5.5.45+, 5.6.26+ and 5.7.6+ requirements SSL connection must be established by default if explicit option isn&apos;t set. For compliance with existing applications not using SSL the verifyServerCertificate property is set to &apos;false&apos;. You need either to explicitly disable SSL by setting useSSL=false, or set useSSL=true and provide truststore for server certificate verification.
</system-err>
  </testcase>
  <testcase classname="com.intiformation.gestion_ecole.test.TestPersonneDAO" name="testGetAllPersonne" time="0.146">
    <error message="deleted object would be re-saved by cascade (remove deleted object from associations): [com.intiformation.gestion_ecole.domain.Administrateur#1]" type="javax.persistence.EntityNotFoundException">javax.persistence.EntityNotFoundException: deleted object would be re-saved by cascade (remove deleted object from associations): [com.intiformation.gestion_ecole.domain.Administrateur#1]
	at org.hibernate.internal.ExceptionConverterImpl.convert(ExceptionConverterImpl.java:128)
	at org.hibernate.internal.ExceptionConverterImpl.convert(ExceptionConverterImpl.java:157)
	at org.hibernate.query.internal.AbstractProducedQuery.list(AbstractProducedQuery.java:1423)
	at com.intiformation.gestion_ecole.dao.PersonneDaoImpl.getAll(PersonneDaoImpl.java:119)
	at sun.reflect.NativeMethodAccessorImpl.invoke0(Native Method)
	at sun.reflect.NativeMethodAccessorImpl.invoke(NativeMethodAccessorImpl.java:62)
	at sun.reflect.DelegatingMethodAccessorImpl.invoke(DelegatingMethodAccessorImpl.java:43)
	at java.lang.reflect.Method.invoke(Method.java:498)
	at org.springframework.aop.support.AopUtils.invokeJoinpointUsingReflection(AopUtils.java:344)
	at org.springframework.aop.framework.ReflectiveMethodInvocation.invokeJoinpoint(ReflectiveMethodInvocation.java:198)
	at org.springframework.aop.framework.ReflectiveMethodInvocation.proceed(ReflectiveMethodInvocation.java:163)
	at org.springframework.transaction.interceptor.TransactionAspectSupport.invokeWithinTransaction(TransactionAspectSupport.java:353)
	at org.springframework.transaction.interceptor.TransactionInterceptor.invoke(TransactionInterceptor.java:99)
	at org.springframework.aop.framework.ReflectiveMethodInvocation.proceed(ReflectiveMethodInvocation.java:186)
	at org.springframework.aop.framework.JdkDynamicAopProxy.invoke(JdkDynamicAopProxy.java:212)
	at com.sun.proxy.$Proxy55.getAll(Unknown Source)
	at com.intiformation.gestion_ecole.test.TestPersonneDAO.testGetAllPersonne(TestPersonneDAO.java:174)
	at sun.reflect.NativeMethodAccessorImpl.invoke0(Native Method)
	at sun.reflect.NativeMethodAccessorImpl.invoke(NativeMethodAccessorImpl.java:62)
	at sun.reflect.DelegatingMethodAccessorImpl.invoke(DelegatingMethodAccessorImpl.java:43)
	at java.lang.reflect.Method.invoke(Method.java:498)
	at org.junit.runners.model.FrameworkMethod$1.runReflectiveCall(FrameworkMethod.java:50)
	at org.junit.internal.runners.model.ReflectiveCallable.run(ReflectiveCallable.java:12)
	at org.junit.runners.model.FrameworkMethod.invokeExplosively(FrameworkMethod.java:47)
	at org.junit.internal.runners.statements.InvokeMethod.evaluate(InvokeMethod.java:17)
	at org.springframework.test.context.junit4.statements.RunBeforeTestExecutionCallbacks.evaluate(RunBeforeTestExecutionCallbacks.java:73)
	at org.springframework.test.context.junit4.statements.RunAfterTestExecutionCallbacks.evaluate(RunAfterTestExecutionCallbacks.java:83)
	at org.springframework.test.context.junit4.statements.RunBeforeTestMethodCallbacks.evaluate(RunBeforeTestMethodCallbacks.java:75)
	at org.springframework.test.context.junit4.statements.RunAfterTestMethodCallbacks.evaluate(RunAfterTestMethodCallbacks.java:86)
	at org.springframework.test.context.junit4.statements.SpringRepeat.evaluate(SpringRepeat.java:84)
	at org.junit.runners.ParentRunner.runLeaf(ParentRunner.java:325)
	at org.springframework.test.context.junit4.SpringJUnit4ClassRunner.runChild(SpringJUnit4ClassRunner.java:251)
	at org.springframework.test.context.junit4.SpringJUnit4ClassRunner.runChild(SpringJUnit4ClassRunner.java:97)
	at org.junit.runners.ParentRunner$3.run(ParentRunner.java:290)
	at org.junit.runners.ParentRunner$1.schedule(ParentRunner.java:71)
	at org.junit.runners.ParentRunner.runChildren(ParentRunner.java:288)
	at org.junit.runners.ParentRunner.access$000(ParentRunner.java:58)
	at org.junit.runners.ParentRunner$2.evaluate(ParentRunner.java:268)
	at org.springframework.test.context.junit4.statements.RunBeforeTestClassCallbacks.evaluate(RunBeforeTestClassCallbacks.java:61)
	at org.springframework.test.context.junit4.statements.RunAfterTestClassCallbacks.evaluate(RunAfterTestClassCallbacks.java:70)
	at org.junit.runners.ParentRunner.run(ParentRunner.java:363)
	at org.springframework.test.context.junit4.SpringJUnit4ClassRunner.run(SpringJUnit4ClassRunner.java:190)
	at org.apache.maven.surefire.junit4.JUnit4Provider.execute(JUnit4Provider.java:252)
	at org.apache.maven.surefire.junit4.JUnit4Provider.executeTestSet(JUnit4Provider.java:141)
	at org.apache.maven.surefire.junit4.JUnit4Provider.invoke(JUnit4Provider.java:112)
	at sun.reflect.NativeMethodAccessorImpl.invoke0(Native Method)
	at sun.reflect.NativeMethodAccessorImpl.invoke(NativeMethodAccessorImpl.java:62)
	at sun.reflect.DelegatingMethodAccessorImpl.invoke(DelegatingMethodAccessorImpl.java:43)
	at java.lang.reflect.Method.invoke(Method.java:498)
	at org.apache.maven.surefire.util.ReflectionUtils.invokeMethodWithArray(ReflectionUtils.java:189)
	at org.apache.maven.surefire.booter.ProviderFactory$ProviderProxy.invoke(ProviderFactory.java:165)
	at org.apache.maven.surefire.booter.ProviderFactory.invokeProvider(ProviderFactory.java:85)
	at org.apache.maven.surefire.booter.ForkedBooter.runSuitesInProcess(ForkedBooter.java:115)
	at org.apache.maven.surefire.booter.ForkedBooter.main(ForkedBooter.java:75)
</error>
    <system-out>Hibernate: insert into personnes (adresse_id, username, password, nom, prenom, role) values (?, ?, ?, ?, ?, &apos;personne&apos;)
Hibernate: select personne0_.identifiant as identifi2_8_, personne0_.adresse_id as adresse_9_8_, personne0_.username as username3_8_, personne0_.password as password4_8_, personne0_.nom as nom5_8_, personne0_.prenom as prenom6_8_, personne0_.dateDeNaissance as dateDeNa7_8_, personne0_.photo as photo8_8_, personne0_.role as role1_8_ from personnes personne0_
Hibernate: select adresse0_.adresse_id as adresse_1_0_0_, adresse0_.codePostal as codePost2_0_0_, adresse0_.rue as rue3_0_0_, adresse0_.ville as ville4_0_0_, personne1_.identifiant as identifi2_8_1_, personne1_.adresse_id as adresse_9_8_1_, personne1_.username as username3_8_1_, personne1_.password as password4_8_1_, personne1_.nom as nom5_8_1_, personne1_.prenom as prenom6_8_1_, personne1_.dateDeNaissance as dateDeNa7_8_1_, personne1_.photo as photo8_8_1_, personne1_.role as role1_8_1_ from adresses adresse0_ left outer join personnes personne1_ on adresse0_.adresse_id=personne1_.adresse_id where adresse0_.adresse_id=?
Hibernate: select personne0_.identifiant as identifi2_8_1_, personne0_.adresse_id as adresse_9_8_1_, personne0_.username as username3_8_1_, personne0_.password as password4_8_1_, personne0_.nom as nom5_8_1_, personne0_.prenom as prenom6_8_1_, personne0_.dateDeNaissance as dateDeNa7_8_1_, personne0_.photo as photo8_8_1_, personne0_.role as role1_8_1_, adresse1_.adresse_id as adresse_1_0_0_, adresse1_.codePostal as codePost2_0_0_, adresse1_.rue as rue3_0_0_, adresse1_.ville as ville4_0_0_ from personnes personne0_ left outer join adresses adresse1_ on personne0_.adresse_id=adresse1_.adresse_id where personne0_.adresse_id=?
Hibernate: select adresse0_.adresse_id as adresse_1_0_0_, adresse0_.codePostal as codePost2_0_0_, adresse0_.rue as rue3_0_0_, adresse0_.ville as ville4_0_0_, personne1_.identifiant as identifi2_8_1_, personne1_.adresse_id as adresse_9_8_1_, personne1_.username as username3_8_1_, personne1_.password as password4_8_1_, personne1_.nom as nom5_8_1_, personne1_.prenom as prenom6_8_1_, personne1_.dateDeNaissance as dateDeNa7_8_1_, personne1_.photo as photo8_8_1_, personne1_.role as role1_8_1_ from adresses adresse0_ left outer join personnes personne1_ on adresse0_.adresse_id=personne1_.adresse_id where adresse0_.adresse_id=?
Hibernate: select personne0_.identifiant as identifi2_8_1_, personne0_.adresse_id as adresse_9_8_1_, personne0_.username as username3_8_1_, personne0_.password as password4_8_1_, personne0_.nom as nom5_8_1_, personne0_.prenom as prenom6_8_1_, personne0_.dateDeNaissance as dateDeNa7_8_1_, personne0_.photo as photo8_8_1_, personne0_.role as role1_8_1_, adresse1_.adresse_id as adresse_1_0_0_, adresse1_.codePostal as codePost2_0_0_, adresse1_.rue as rue3_0_0_, adresse1_.ville as ville4_0_0_ from personnes personne0_ left outer join adresses adresse1_ on personne0_.adresse_id=adresse1_.adresse_id where personne0_.adresse_id=?
Hibernate: select adresse0_.adresse_id as adresse_1_0_0_, adresse0_.codePostal as codePost2_0_0_, adresse0_.rue as rue3_0_0_, adresse0_.ville as ville4_0_0_, personne1_.identifiant as identifi2_8_1_, personne1_.adresse_id as adresse_9_8_1_, personne1_.username as username3_8_1_, personne1_.password as password4_8_1_, personne1_.nom as nom5_8_1_, personne1_.prenom as prenom6_8_1_, personne1_.dateDeNaissance as dateDeNa7_8_1_, personne1_.photo as photo8_8_1_, personne1_.role as role1_8_1_ from adresses adresse0_ left outer join personnes personne1_ on adresse0_.adresse_id=personne1_.adresse_id where adresse0_.adresse_id=?
Hibernate: select personne0_.identifiant as identifi2_8_1_, personne0_.adresse_id as adresse_9_8_1_, personne0_.username as username3_8_1_, personne0_.password as password4_8_1_, personne0_.nom as nom5_8_1_, personne0_.prenom as prenom6_8_1_, personne0_.dateDeNaissance as dateDeNa7_8_1_, personne0_.photo as photo8_8_1_, personne0_.role as role1_8_1_, adresse1_.adresse_id as adresse_1_0_0_, adresse1_.codePostal as codePost2_0_0_, adresse1_.rue as rue3_0_0_, adresse1_.ville as ville4_0_0_ from personnes personne0_ left outer join adresses adresse1_ on personne0_.adresse_id=adresse1_.adresse_id where personne0_.adresse_id=?
Hibernate: select adresse0_.adresse_id as adresse_1_0_0_, adresse0_.codePostal as codePost2_0_0_, adresse0_.rue as rue3_0_0_, adresse0_.ville as ville4_0_0_, personne1_.identifiant as identifi2_8_1_, personne1_.adresse_id as adresse_9_8_1_, personne1_.username as username3_8_1_, personne1_.password as password4_8_1_, personne1_.nom as nom5_8_1_, personne1_.prenom as prenom6_8_1_, personne1_.dateDeNaissance as dateDeNa7_8_1_, personne1_.photo as photo8_8_1_, personne1_.role as role1_8_1_ from adresses adresse0_ left outer join personnes personne1_ on adresse0_.adresse_id=personne1_.adresse_id where adresse0_.adresse_id=?
Hibernate: select personne0_.identifiant as identifi2_8_1_, personne0_.adresse_id as adresse_9_8_1_, personne0_.username as username3_8_1_, personne0_.password as password4_8_1_, personne0_.nom as nom5_8_1_, personne0_.prenom as prenom6_8_1_, personne0_.dateDeNaissance as dateDeNa7_8_1_, personne0_.photo as photo8_8_1_, personne0_.role as role1_8_1_, adresse1_.adresse_id as adresse_1_0_0_, adresse1_.codePostal as codePost2_0_0_, adresse1_.rue as rue3_0_0_, adresse1_.ville as ville4_0_0_ from personnes personne0_ left outer join adresses adresse1_ on personne0_.adresse_id=adresse1_.adresse_id where personne0_.adresse_id=?
Hibernate: select adresse0_.adresse_id as adresse_1_0_0_, adresse0_.codePostal as codePost2_0_0_, adresse0_.rue as rue3_0_0_, adresse0_.ville as ville4_0_0_, personne1_.identifiant as identifi2_8_1_, personne1_.adresse_id as adresse_9_8_1_, personne1_.username as username3_8_1_, personne1_.password as password4_8_1_, personne1_.nom as nom5_8_1_, personne1_.prenom as prenom6_8_1_, personne1_.dateDeNaissance as dateDeNa7_8_1_, personne1_.photo as photo8_8_1_, personne1_.role as role1_8_1_ from adresses adresse0_ left outer join personnes personne1_ on adresse0_.adresse_id=personne1_.adresse_id where adresse0_.adresse_id=?
Hibernate: select personne0_.identifiant as identifi2_8_1_, personne0_.adresse_id as adresse_9_8_1_, personne0_.username as username3_8_1_, personne0_.password as password4_8_1_, personne0_.nom as nom5_8_1_, personne0_.prenom as prenom6_8_1_, personne0_.dateDeNaissance as dateDeNa7_8_1_, personne0_.photo as photo8_8_1_, personne0_.role as role1_8_1_, adresse1_.adresse_id as adresse_1_0_0_, adresse1_.codePostal as codePost2_0_0_, adresse1_.rue as rue3_0_0_, adresse1_.ville as ville4_0_0_ from personnes personne0_ left outer join adresses adresse1_ on personne0_.adresse_id=adresse1_.adresse_id where personne0_.adresse_id=?
Hibernate: select adresse0_.adresse_id as adresse_1_0_0_, adresse0_.codePostal as codePost2_0_0_, adresse0_.rue as rue3_0_0_, adresse0_.ville as ville4_0_0_, personne1_.identifiant as identifi2_8_1_, personne1_.adresse_id as adresse_9_8_1_, personne1_.username as username3_8_1_, personne1_.password as password4_8_1_, personne1_.nom as nom5_8_1_, personne1_.prenom as prenom6_8_1_, personne1_.dateDeNaissance as dateDeNa7_8_1_, personne1_.photo as photo8_8_1_, personne1_.role as role1_8_1_ from adresses adresse0_ left outer join personnes personne1_ on adresse0_.adresse_id=personne1_.adresse_id where adresse0_.adresse_id=?
Hibernate: select personne0_.identifiant as identifi2_8_1_, personne0_.adresse_id as adresse_9_8_1_, personne0_.username as username3_8_1_, personne0_.password as password4_8_1_, personne0_.nom as nom5_8_1_, personne0_.prenom as prenom6_8_1_, personne0_.dateDeNaissance as dateDeNa7_8_1_, personne0_.photo as photo8_8_1_, personne0_.role as role1_8_1_, adresse1_.adresse_id as adresse_1_0_0_, adresse1_.codePostal as codePost2_0_0_, adresse1_.rue as rue3_0_0_, adresse1_.ville as ville4_0_0_ from personnes personne0_ left outer join adresses adresse1_ on personne0_.adresse_id=adresse1_.adresse_id where personne0_.adresse_id=?
Hibernate: select adresse0_.adresse_id as adresse_1_0_0_, adresse0_.codePostal as codePost2_0_0_, adresse0_.rue as rue3_0_0_, adresse0_.ville as ville4_0_0_, personne1_.identifiant as identifi2_8_1_, personne1_.adresse_id as adresse_9_8_1_, personne1_.username as username3_8_1_, personne1_.password as password4_8_1_, personne1_.nom as nom5_8_1_, personne1_.prenom as prenom6_8_1_, personne1_.dateDeNaissance as dateDeNa7_8_1_, personne1_.photo as photo8_8_1_, personne1_.role as role1_8_1_ from adresses adresse0_ left outer join personnes personne1_ on adresse0_.adresse_id=personne1_.adresse_id where adresse0_.adresse_id=?
Hibernate: select personne0_.identifiant as identifi2_8_1_, personne0_.adresse_id as adresse_9_8_1_, personne0_.username as username3_8_1_, personne0_.password as password4_8_1_, personne0_.nom as nom5_8_1_, personne0_.prenom as prenom6_8_1_, personne0_.dateDeNaissance as dateDeNa7_8_1_, personne0_.photo as photo8_8_1_, personne0_.role as role1_8_1_, adresse1_.adresse_id as adresse_1_0_0_, adresse1_.codePostal as codePost2_0_0_, adresse1_.rue as rue3_0_0_, adresse1_.ville as ville4_0_0_ from personnes personne0_ left outer join adresses adresse1_ on personne0_.adresse_id=adresse1_.adresse_id where personne0_.adresse_id=?
Hibernate: select adresse0_.adresse_id as adresse_1_0_0_, adresse0_.codePostal as codePost2_0_0_, adresse0_.rue as rue3_0_0_, adresse0_.ville as ville4_0_0_, personne1_.identifiant as identifi2_8_1_, personne1_.adresse_id as adresse_9_8_1_, personne1_.username as username3_8_1_, personne1_.password as password4_8_1_, personne1_.nom as nom5_8_1_, personne1_.prenom as prenom6_8_1_, personne1_.dateDeNaissance as dateDeNa7_8_1_, personne1_.photo as photo8_8_1_, personne1_.role as role1_8_1_ from adresses adresse0_ left outer join personnes personne1_ on adresse0_.adresse_id=personne1_.adresse_id where adresse0_.adresse_id=?
Hibernate: select personne0_.identifiant as identifi2_8_1_, personne0_.adresse_id as adresse_9_8_1_, personne0_.username as username3_8_1_, personne0_.password as password4_8_1_, personne0_.nom as nom5_8_1_, personne0_.prenom as prenom6_8_1_, personne0_.dateDeNaissance as dateDeNa7_8_1_, personne0_.photo as photo8_8_1_, personne0_.role as role1_8_1_, adresse1_.adresse_id as adresse_1_0_0_, adresse1_.codePostal as codePost2_0_0_, adresse1_.rue as rue3_0_0_, adresse1_.ville as ville4_0_0_ from personnes personne0_ left outer join adresses adresse1_ on personne0_.adresse_id=adresse1_.adresse_id where personne0_.adresse_id=?
Hibernate: select adresse0_.adresse_id as adresse_1_0_0_, adresse0_.codePostal as codePost2_0_0_, adresse0_.rue as rue3_0_0_, adresse0_.ville as ville4_0_0_, personne1_.identifiant as identifi2_8_1_, personne1_.adresse_id as adresse_9_8_1_, personne1_.username as username3_8_1_, personne1_.password as password4_8_1_, personne1_.nom as nom5_8_1_, personne1_.prenom as prenom6_8_1_, personne1_.dateDeNaissance as dateDeNa7_8_1_, personne1_.photo as photo8_8_1_, personne1_.role as role1_8_1_ from adresses adresse0_ left outer join personnes personne1_ on adresse0_.adresse_id=personne1_.adresse_id where adresse0_.adresse_id=?
Hibernate: select personne0_.identifiant as identifi2_8_1_, personne0_.adresse_id as adresse_9_8_1_, personne0_.username as username3_8_1_, personne0_.password as password4_8_1_, personne0_.nom as nom5_8_1_, personne0_.prenom as prenom6_8_1_, personne0_.dateDeNaissance as dateDeNa7_8_1_, personne0_.photo as photo8_8_1_, personne0_.role as role1_8_1_, adresse1_.adresse_id as adresse_1_0_0_, adresse1_.codePostal as codePost2_0_0_, adresse1_.rue as rue3_0_0_, adresse1_.ville as ville4_0_0_ from personnes personne0_ left outer join adresses adresse1_ on personne0_.adresse_id=adresse1_.adresse_id where personne0_.adresse_id=?
Hibernate: select adresse0_.adresse_id as adresse_1_0_0_, adresse0_.codePostal as codePost2_0_0_, adresse0_.rue as rue3_0_0_, adresse0_.ville as ville4_0_0_, personne1_.identifiant as identifi2_8_1_, personne1_.adresse_id as adresse_9_8_1_, personne1_.username as username3_8_1_, personne1_.password as password4_8_1_, personne1_.nom as nom5_8_1_, personne1_.prenom as prenom6_8_1_, personne1_.dateDeNaissance as dateDeNa7_8_1_, personne1_.photo as photo8_8_1_, personne1_.role as role1_8_1_ from adresses adresse0_ left outer join personnes personne1_ on adresse0_.adresse_id=personne1_.adresse_id where adresse0_.adresse_id=?
Hibernate: select personne0_.identifiant as identifi2_8_1_, personne0_.adresse_id as adresse_9_8_1_, personne0_.username as username3_8_1_, personne0_.password as password4_8_1_, personne0_.nom as nom5_8_1_, personne0_.prenom as prenom6_8_1_, personne0_.dateDeNaissance as dateDeNa7_8_1_, personne0_.photo as photo8_8_1_, personne0_.role as role1_8_1_, adresse1_.adresse_id as adresse_1_0_0_, adresse1_.codePostal as codePost2_0_0_, adresse1_.rue as rue3_0_0_, adresse1_.ville as ville4_0_0_ from personnes personne0_ left outer join adresses adresse1_ on personne0_.adresse_id=adresse1_.adresse_id where personne0_.adresse_id=?
Hibernate: select adresse0_.adresse_id as adresse_1_0_0_, adresse0_.codePostal as codePost2_0_0_, adresse0_.rue as rue3_0_0_, adresse0_.ville as ville4_0_0_, personne1_.identifiant as identifi2_8_1_, personne1_.adresse_id as adresse_9_8_1_, personne1_.username as username3_8_1_, personne1_.password as password4_8_1_, personne1_.nom as nom5_8_1_, personne1_.prenom as prenom6_8_1_, personne1_.dateDeNaissance as dateDeNa7_8_1_, personne1_.photo as photo8_8_1_, personne1_.role as role1_8_1_ from adresses adresse0_ left outer join personnes personne1_ on adresse0_.adresse_id=personne1_.adresse_id where adresse0_.adresse_id=?
Hibernate: select personne0_.identifiant as identifi2_8_1_, personne0_.adresse_id as adresse_9_8_1_, personne0_.username as username3_8_1_, personne0_.password as password4_8_1_, personne0_.nom as nom5_8_1_, personne0_.prenom as prenom6_8_1_, personne0_.dateDeNaissance as dateDeNa7_8_1_, personne0_.photo as photo8_8_1_, personne0_.role as role1_8_1_, adresse1_.adresse_id as adresse_1_0_0_, adresse1_.codePostal as codePost2_0_0_, adresse1_.rue as rue3_0_0_, adresse1_.ville as ville4_0_0_ from personnes personne0_ left outer join adresses adresse1_ on personne0_.adresse_id=adresse1_.adresse_id where personne0_.adresse_id=?
Hibernate: select adresse0_.adresse_id as adresse_1_0_0_, adresse0_.codePostal as codePost2_0_0_, adresse0_.rue as rue3_0_0_, adresse0_.ville as ville4_0_0_, personne1_.identifiant as identifi2_8_1_, personne1_.adresse_id as adresse_9_8_1_, personne1_.username as username3_8_1_, personne1_.password as password4_8_1_, personne1_.nom as nom5_8_1_, personne1_.prenom as prenom6_8_1_, personne1_.dateDeNaissance as dateDeNa7_8_1_, personne1_.photo as photo8_8_1_, personne1_.role as role1_8_1_ from adresses adresse0_ left outer join personnes personne1_ on adresse0_.adresse_id=personne1_.adresse_id where adresse0_.adresse_id=?
Hibernate: select personne0_.identifiant as identifi2_8_1_, personne0_.adresse_id as adresse_9_8_1_, personne0_.username as username3_8_1_, personne0_.password as password4_8_1_, personne0_.nom as nom5_8_1_, personne0_.prenom as prenom6_8_1_, personne0_.dateDeNaissance as dateDeNa7_8_1_, personne0_.photo as photo8_8_1_, personne0_.role as role1_8_1_, adresse1_.adresse_id as adresse_1_0_0_, adresse1_.codePostal as codePost2_0_0_, adresse1_.rue as rue3_0_0_, adresse1_.ville as ville4_0_0_ from personnes personne0_ left outer join adresses adresse1_ on personne0_.adresse_id=adresse1_.adresse_id where personne0_.adresse_id=?
Hibernate: select adresse0_.adresse_id as adresse_1_0_0_, adresse0_.codePostal as codePost2_0_0_, adresse0_.rue as rue3_0_0_, adresse0_.ville as ville4_0_0_, personne1_.identifiant as identifi2_8_1_, personne1_.adresse_id as adresse_9_8_1_, personne1_.username as username3_8_1_, personne1_.password as password4_8_1_, personne1_.nom as nom5_8_1_, personne1_.prenom as prenom6_8_1_, personne1_.dateDeNaissance as dateDeNa7_8_1_, personne1_.photo as photo8_8_1_, personne1_.role as role1_8_1_ from adresses adresse0_ left outer join personnes personne1_ on adresse0_.adresse_id=personne1_.adresse_id where adresse0_.adresse_id=?
Hibernate: select personne0_.identifiant as identifi2_8_1_, personne0_.adresse_id as adresse_9_8_1_, personne0_.username as username3_8_1_, personne0_.password as password4_8_1_, personne0_.nom as nom5_8_1_, personne0_.prenom as prenom6_8_1_, personne0_.dateDeNaissance as dateDeNa7_8_1_, personne0_.photo as photo8_8_1_, personne0_.role as role1_8_1_, adresse1_.adresse_id as adresse_1_0_0_, adresse1_.codePostal as codePost2_0_0_, adresse1_.rue as rue3_0_0_, adresse1_.ville as ville4_0_0_ from personnes personne0_ left outer join adresses adresse1_ on personne0_.adresse_id=adresse1_.adresse_id where personne0_.adresse_id=?
Hibernate: select adresse0_.adresse_id as adresse_1_0_0_, adresse0_.codePostal as codePost2_0_0_, adresse0_.rue as rue3_0_0_, adresse0_.ville as ville4_0_0_, personne1_.identifiant as identifi2_8_1_, personne1_.adresse_id as adresse_9_8_1_, personne1_.username as username3_8_1_, personne1_.password as password4_8_1_, personne1_.nom as nom5_8_1_, personne1_.prenom as prenom6_8_1_, personne1_.dateDeNaissance as dateDeNa7_8_1_, personne1_.photo as photo8_8_1_, personne1_.role as role1_8_1_ from adresses adresse0_ left outer join personnes personne1_ on adresse0_.adresse_id=personne1_.adresse_id where adresse0_.adresse_id=?
Hibernate: select personne0_.identifiant as identifi2_8_1_, personne0_.adresse_id as adresse_9_8_1_, personne0_.username as username3_8_1_, personne0_.password as password4_8_1_, personne0_.nom as nom5_8_1_, personne0_.prenom as prenom6_8_1_, personne0_.dateDeNaissance as dateDeNa7_8_1_, personne0_.photo as photo8_8_1_, personne0_.role as role1_8_1_, adresse1_.adresse_id as adresse_1_0_0_, adresse1_.codePostal as codePost2_0_0_, adresse1_.rue as rue3_0_0_, adresse1_.ville as ville4_0_0_ from personnes personne0_ left outer join adresses adresse1_ on personne0_.adresse_id=adresse1_.adresse_id where personne0_.adresse_id=?
Hibernate: select adresse0_.adresse_id as adresse_1_0_0_, adresse0_.codePostal as codePost2_0_0_, adresse0_.rue as rue3_0_0_, adresse0_.ville as ville4_0_0_, personne1_.identifiant as identifi2_8_1_, personne1_.adresse_id as adresse_9_8_1_, personne1_.username as username3_8_1_, personne1_.password as password4_8_1_, personne1_.nom as nom5_8_1_, personne1_.prenom as prenom6_8_1_, personne1_.dateDeNaissance as dateDeNa7_8_1_, personne1_.photo as photo8_8_1_, personne1_.role as role1_8_1_ from adresses adresse0_ left outer join personnes personne1_ on adresse0_.adresse_id=personne1_.adresse_id where adresse0_.adresse_id=?
Hibernate: select personne0_.identifiant as identifi2_8_1_, personne0_.adresse_id as adresse_9_8_1_, personne0_.username as username3_8_1_, personne0_.password as password4_8_1_, personne0_.nom as nom5_8_1_, personne0_.prenom as prenom6_8_1_, personne0_.dateDeNaissance as dateDeNa7_8_1_, personne0_.photo as photo8_8_1_, personne0_.role as role1_8_1_, adresse1_.adresse_id as adresse_1_0_0_, adresse1_.codePostal as codePost2_0_0_, adresse1_.rue as rue3_0_0_, adresse1_.ville as ville4_0_0_ from personnes personne0_ left outer join adresses adresse1_ on personne0_.adresse_id=adresse1_.adresse_id where personne0_.adresse_id=?
Hibernate: select adresse0_.adresse_id as adresse_1_0_0_, adresse0_.codePostal as codePost2_0_0_, adresse0_.rue as rue3_0_0_, adresse0_.ville as ville4_0_0_, personne1_.identifiant as identifi2_8_1_, personne1_.adresse_id as adresse_9_8_1_, personne1_.username as username3_8_1_, personne1_.password as password4_8_1_, personne1_.nom as nom5_8_1_, personne1_.prenom as prenom6_8_1_, personne1_.dateDeNaissance as dateDeNa7_8_1_, personne1_.photo as photo8_8_1_, personne1_.role as role1_8_1_ from adresses adresse0_ left outer join personnes personne1_ on adresse0_.adresse_id=personne1_.adresse_id where adresse0_.adresse_id=?
Hibernate: select personne0_.identifiant as identifi2_8_1_, personne0_.adresse_id as adresse_9_8_1_, personne0_.username as username3_8_1_, personne0_.password as password4_8_1_, personne0_.nom as nom5_8_1_, personne0_.prenom as prenom6_8_1_, personne0_.dateDeNaissance as dateDeNa7_8_1_, personne0_.photo as photo8_8_1_, personne0_.role as role1_8_1_, adresse1_.adresse_id as adresse_1_0_0_, adresse1_.codePostal as codePost2_0_0_, adresse1_.rue as rue3_0_0_, adresse1_.ville as ville4_0_0_ from personnes personne0_ left outer join adresses adresse1_ on personne0_.adresse_id=adresse1_.adresse_id where personne0_.adresse_id=?
Hibernate: select adresse0_.adresse_id as adresse_1_0_0_, adresse0_.codePostal as codePost2_0_0_, adresse0_.rue as rue3_0_0_, adresse0_.ville as ville4_0_0_, personne1_.identifiant as identifi2_8_1_, personne1_.adresse_id as adresse_9_8_1_, personne1_.username as username3_8_1_, personne1_.password as password4_8_1_, personne1_.nom as nom5_8_1_, personne1_.prenom as prenom6_8_1_, personne1_.dateDeNaissance as dateDeNa7_8_1_, personne1_.photo as photo8_8_1_, personne1_.role as role1_8_1_ from adresses adresse0_ left outer join personnes personne1_ on adresse0_.adresse_id=personne1_.adresse_id where adresse0_.adresse_id=?
Hibernate: select personne0_.identifiant as identifi2_8_1_, personne0_.adresse_id as adresse_9_8_1_, personne0_.username as username3_8_1_, personne0_.password as password4_8_1_, personne0_.nom as nom5_8_1_, personne0_.prenom as prenom6_8_1_, personne0_.dateDeNaissance as dateDeNa7_8_1_, personne0_.photo as photo8_8_1_, personne0_.role as role1_8_1_, adresse1_.adresse_id as adresse_1_0_0_, adresse1_.codePostal as codePost2_0_0_, adresse1_.rue as rue3_0_0_, adresse1_.ville as ville4_0_0_ from personnes personne0_ left outer join adresses adresse1_ on personne0_.adresse_id=adresse1_.adresse_id where personne0_.adresse_id=?
Hibernate: select adresse0_.adresse_id as adresse_1_0_0_, adresse0_.codePostal as codePost2_0_0_, adresse0_.rue as rue3_0_0_, adresse0_.ville as ville4_0_0_, personne1_.identifiant as identifi2_8_1_, personne1_.adresse_id as adresse_9_8_1_, personne1_.username as username3_8_1_, personne1_.password as password4_8_1_, personne1_.nom as nom5_8_1_, personne1_.prenom as prenom6_8_1_, personne1_.dateDeNaissance as dateDeNa7_8_1_, personne1_.photo as photo8_8_1_, personne1_.role as role1_8_1_ from adresses adresse0_ left outer join personnes personne1_ on adresse0_.adresse_id=personne1_.adresse_id where adresse0_.adresse_id=?
Hibernate: select personne0_.identifiant as identifi2_8_1_, personne0_.adresse_id as adresse_9_8_1_, personne0_.username as username3_8_1_, personne0_.password as password4_8_1_, personne0_.nom as nom5_8_1_, personne0_.prenom as prenom6_8_1_, personne0_.dateDeNaissance as dateDeNa7_8_1_, personne0_.photo as photo8_8_1_, personne0_.role as role1_8_1_, adresse1_.adresse_id as adresse_1_0_0_, adresse1_.codePostal as codePost2_0_0_, adresse1_.rue as rue3_0_0_, adresse1_.ville as ville4_0_0_ from personnes personne0_ left outer join adresses adresse1_ on personne0_.adresse_id=adresse1_.adresse_id where personne0_.adresse_id=?
</system-out>
    <system-err>Wed Apr 29 19:51:29 CEST 2020 WARN: Establishing SSL connection without server&apos;s identity verification is not recommended. According to MySQL 5.5.45+, 5.6.26+ and 5.7.6+ requirements SSL connection must be established by default if explicit option isn&apos;t set. For compliance with existing applications not using SSL the verifyServerCertificate property is set to &apos;false&apos;. You need either to explicitly disable SSL by setting useSSL=false, or set useSSL=true and provide truststore for server certificate verification.
</system-err>
  </testcase>
  <testcase classname="com.intiformation.gestion_ecole.test.TestPersonneDAO" name="testAjouterPersonneAvecAdresse" time="0.131">
    <error message="deleted object would be re-saved by cascade (remove deleted object from associations): [com.intiformation.gestion_ecole.domain.Administrateur#1]" type="javax.persistence.EntityNotFoundException">javax.persistence.EntityNotFoundException: deleted object would be re-saved by cascade (remove deleted object from associations): [com.intiformation.gestion_ecole.domain.Administrateur#1]
	at org.hibernate.internal.ExceptionConverterImpl.convert(ExceptionConverterImpl.java:128)
	at org.hibernate.internal.ExceptionConverterImpl.convert(ExceptionConverterImpl.java:157)
	at org.hibernate.query.internal.AbstractProducedQuery.list(AbstractProducedQuery.java:1423)
	at com.intiformation.gestion_ecole.dao.PersonneDaoImpl.getAll(PersonneDaoImpl.java:119)
	at sun.reflect.NativeMethodAccessorImpl.invoke0(Native Method)
	at sun.reflect.NativeMethodAccessorImpl.invoke(NativeMethodAccessorImpl.java:62)
	at sun.reflect.DelegatingMethodAccessorImpl.invoke(DelegatingMethodAccessorImpl.java:43)
	at java.lang.reflect.Method.invoke(Method.java:498)
	at org.springframework.aop.support.AopUtils.invokeJoinpointUsingReflection(AopUtils.java:344)
	at org.springframework.aop.framework.ReflectiveMethodInvocation.invokeJoinpoint(ReflectiveMethodInvocation.java:198)
	at org.springframework.aop.framework.ReflectiveMethodInvocation.proceed(ReflectiveMethodInvocation.java:163)
	at org.springframework.transaction.interceptor.TransactionAspectSupport.invokeWithinTransaction(TransactionAspectSupport.java:353)
	at org.springframework.transaction.interceptor.TransactionInterceptor.invoke(TransactionInterceptor.java:99)
	at org.springframework.aop.framework.ReflectiveMethodInvocation.proceed(ReflectiveMethodInvocation.java:186)
	at org.springframework.aop.framework.JdkDynamicAopProxy.invoke(JdkDynamicAopProxy.java:212)
	at com.sun.proxy.$Proxy55.getAll(Unknown Source)
	at com.intiformation.gestion_ecole.test.TestPersonneDAO.testAjouterPersonneAvecAdresse(TestPersonneDAO.java:292)
	at sun.reflect.NativeMethodAccessorImpl.invoke0(Native Method)
	at sun.reflect.NativeMethodAccessorImpl.invoke(NativeMethodAccessorImpl.java:62)
	at sun.reflect.DelegatingMethodAccessorImpl.invoke(DelegatingMethodAccessorImpl.java:43)
	at java.lang.reflect.Method.invoke(Method.java:498)
	at org.junit.runners.model.FrameworkMethod$1.runReflectiveCall(FrameworkMethod.java:50)
	at org.junit.internal.runners.model.ReflectiveCallable.run(ReflectiveCallable.java:12)
	at org.junit.runners.model.FrameworkMethod.invokeExplosively(FrameworkMethod.java:47)
	at org.junit.internal.runners.statements.InvokeMethod.evaluate(InvokeMethod.java:17)
	at org.springframework.test.context.junit4.statements.RunBeforeTestExecutionCallbacks.evaluate(RunBeforeTestExecutionCallbacks.java:73)
	at org.springframework.test.context.junit4.statements.RunAfterTestExecutionCallbacks.evaluate(RunAfterTestExecutionCallbacks.java:83)
	at org.springframework.test.context.junit4.statements.RunBeforeTestMethodCallbacks.evaluate(RunBeforeTestMethodCallbacks.java:75)
	at org.springframework.test.context.junit4.statements.RunAfterTestMethodCallbacks.evaluate(RunAfterTestMethodCallbacks.java:86)
	at org.springframework.test.context.junit4.statements.SpringRepeat.evaluate(SpringRepeat.java:84)
	at org.junit.runners.ParentRunner.runLeaf(ParentRunner.java:325)
	at org.springframework.test.context.junit4.SpringJUnit4ClassRunner.runChild(SpringJUnit4ClassRunner.java:251)
	at org.springframework.test.context.junit4.SpringJUnit4ClassRunner.runChild(SpringJUnit4ClassRunner.java:97)
	at org.junit.runners.ParentRunner$3.run(ParentRunner.java:290)
	at org.junit.runners.ParentRunner$1.schedule(ParentRunner.java:71)
	at org.junit.runners.ParentRunner.runChildren(ParentRunner.java:288)
	at org.junit.runners.ParentRunner.access$000(ParentRunner.java:58)
	at org.junit.runners.ParentRunner$2.evaluate(ParentRunner.java:268)
	at org.springframework.test.context.junit4.statements.RunBeforeTestClassCallbacks.evaluate(RunBeforeTestClassCallbacks.java:61)
	at org.springframework.test.context.junit4.statements.RunAfterTestClassCallbacks.evaluate(RunAfterTestClassCallbacks.java:70)
	at org.junit.runners.ParentRunner.run(ParentRunner.java:363)
	at org.springframework.test.context.junit4.SpringJUnit4ClassRunner.run(SpringJUnit4ClassRunner.java:190)
	at org.apache.maven.surefire.junit4.JUnit4Provider.execute(JUnit4Provider.java:252)
	at org.apache.maven.surefire.junit4.JUnit4Provider.executeTestSet(JUnit4Provider.java:141)
	at org.apache.maven.surefire.junit4.JUnit4Provider.invoke(JUnit4Provider.java:112)
	at sun.reflect.NativeMethodAccessorImpl.invoke0(Native Method)
	at sun.reflect.NativeMethodAccessorImpl.invoke(NativeMethodAccessorImpl.java:62)
	at sun.reflect.DelegatingMethodAccessorImpl.invoke(DelegatingMethodAccessorImpl.java:43)
	at java.lang.reflect.Method.invoke(Method.java:498)
	at org.apache.maven.surefire.util.ReflectionUtils.invokeMethodWithArray(ReflectionUtils.java:189)
	at org.apache.maven.surefire.booter.ProviderFactory$ProviderProxy.invoke(ProviderFactory.java:165)
	at org.apache.maven.surefire.booter.ProviderFactory.invokeProvider(ProviderFactory.java:85)
	at org.apache.maven.surefire.booter.ForkedBooter.runSuitesInProcess(ForkedBooter.java:115)
	at org.apache.maven.surefire.booter.ForkedBooter.main(ForkedBooter.java:75)
</error>
    <system-out>Hibernate: insert into adresses (codePostal, rue, ville) values (?, ?, ?)
Hibernate: select adresse0_.adresse_id as adresse_1_0_, adresse0_.codePostal as codePost2_0_, adresse0_.rue as rue3_0_, adresse0_.ville as ville4_0_ from adresses adresse0_
Hibernate: select personne0_.identifiant as identifi2_8_1_, personne0_.adresse_id as adresse_9_8_1_, personne0_.username as username3_8_1_, personne0_.password as password4_8_1_, personne0_.nom as nom5_8_1_, personne0_.prenom as prenom6_8_1_, personne0_.dateDeNaissance as dateDeNa7_8_1_, personne0_.photo as photo8_8_1_, personne0_.role as role1_8_1_, adresse1_.adresse_id as adresse_1_0_0_, adresse1_.codePostal as codePost2_0_0_, adresse1_.rue as rue3_0_0_, adresse1_.ville as ville4_0_0_ from personnes personne0_ left outer join adresses adresse1_ on personne0_.adresse_id=adresse1_.adresse_id where personne0_.adresse_id=?
Hibernate: select personne0_.identifiant as identifi2_8_1_, personne0_.adresse_id as adresse_9_8_1_, personne0_.username as username3_8_1_, personne0_.password as password4_8_1_, personne0_.nom as nom5_8_1_, personne0_.prenom as prenom6_8_1_, personne0_.dateDeNaissance as dateDeNa7_8_1_, personne0_.photo as photo8_8_1_, personne0_.role as role1_8_1_, adresse1_.adresse_id as adresse_1_0_0_, adresse1_.codePostal as codePost2_0_0_, adresse1_.rue as rue3_0_0_, adresse1_.ville as ville4_0_0_ from personnes personne0_ left outer join adresses adresse1_ on personne0_.adresse_id=adresse1_.adresse_id where personne0_.adresse_id=?
Hibernate: select personne0_.identifiant as identifi2_8_1_, personne0_.adresse_id as adresse_9_8_1_, personne0_.username as username3_8_1_, personne0_.password as password4_8_1_, personne0_.nom as nom5_8_1_, personne0_.prenom as prenom6_8_1_, personne0_.dateDeNaissance as dateDeNa7_8_1_, personne0_.photo as photo8_8_1_, personne0_.role as role1_8_1_, adresse1_.adresse_id as adresse_1_0_0_, adresse1_.codePostal as codePost2_0_0_, adresse1_.rue as rue3_0_0_, adresse1_.ville as ville4_0_0_ from personnes personne0_ left outer join adresses adresse1_ on personne0_.adresse_id=adresse1_.adresse_id where personne0_.adresse_id=?
Hibernate: select personne0_.identifiant as identifi2_8_1_, personne0_.adresse_id as adresse_9_8_1_, personne0_.username as username3_8_1_, personne0_.password as password4_8_1_, personne0_.nom as nom5_8_1_, personne0_.prenom as prenom6_8_1_, personne0_.dateDeNaissance as dateDeNa7_8_1_, personne0_.photo as photo8_8_1_, personne0_.role as role1_8_1_, adresse1_.adresse_id as adresse_1_0_0_, adresse1_.codePostal as codePost2_0_0_, adresse1_.rue as rue3_0_0_, adresse1_.ville as ville4_0_0_ from personnes personne0_ left outer join adresses adresse1_ on personne0_.adresse_id=adresse1_.adresse_id where personne0_.adresse_id=?
Hibernate: select personne0_.identifiant as identifi2_8_1_, personne0_.adresse_id as adresse_9_8_1_, personne0_.username as username3_8_1_, personne0_.password as password4_8_1_, personne0_.nom as nom5_8_1_, personne0_.prenom as prenom6_8_1_, personne0_.dateDeNaissance as dateDeNa7_8_1_, personne0_.photo as photo8_8_1_, personne0_.role as role1_8_1_, adresse1_.adresse_id as adresse_1_0_0_, adresse1_.codePostal as codePost2_0_0_, adresse1_.rue as rue3_0_0_, adresse1_.ville as ville4_0_0_ from personnes personne0_ left outer join adresses adresse1_ on personne0_.adresse_id=adresse1_.adresse_id where personne0_.adresse_id=?
Hibernate: select personne0_.identifiant as identifi2_8_1_, personne0_.adresse_id as adresse_9_8_1_, personne0_.username as username3_8_1_, personne0_.password as password4_8_1_, personne0_.nom as nom5_8_1_, personne0_.prenom as prenom6_8_1_, personne0_.dateDeNaissance as dateDeNa7_8_1_, personne0_.photo as photo8_8_1_, personne0_.role as role1_8_1_, adresse1_.adresse_id as adresse_1_0_0_, adresse1_.codePostal as codePost2_0_0_, adresse1_.rue as rue3_0_0_, adresse1_.ville as ville4_0_0_ from personnes personne0_ left outer join adresses adresse1_ on personne0_.adresse_id=adresse1_.adresse_id where personne0_.adresse_id=?
Hibernate: select personne0_.identifiant as identifi2_8_1_, personne0_.adresse_id as adresse_9_8_1_, personne0_.username as username3_8_1_, personne0_.password as password4_8_1_, personne0_.nom as nom5_8_1_, personne0_.prenom as prenom6_8_1_, personne0_.dateDeNaissance as dateDeNa7_8_1_, personne0_.photo as photo8_8_1_, personne0_.role as role1_8_1_, adresse1_.adresse_id as adresse_1_0_0_, adresse1_.codePostal as codePost2_0_0_, adresse1_.rue as rue3_0_0_, adresse1_.ville as ville4_0_0_ from personnes personne0_ left outer join adresses adresse1_ on personne0_.adresse_id=adresse1_.adresse_id where personne0_.adresse_id=?
Hibernate: select personne0_.identifiant as identifi2_8_1_, personne0_.adresse_id as adresse_9_8_1_, personne0_.username as username3_8_1_, personne0_.password as password4_8_1_, personne0_.nom as nom5_8_1_, personne0_.prenom as prenom6_8_1_, personne0_.dateDeNaissance as dateDeNa7_8_1_, personne0_.photo as photo8_8_1_, personne0_.role as role1_8_1_, adresse1_.adresse_id as adresse_1_0_0_, adresse1_.codePostal as codePost2_0_0_, adresse1_.rue as rue3_0_0_, adresse1_.ville as ville4_0_0_ from personnes personne0_ left outer join adresses adresse1_ on personne0_.adresse_id=adresse1_.adresse_id where personne0_.adresse_id=?
Hibernate: select personne0_.identifiant as identifi2_8_1_, personne0_.adresse_id as adresse_9_8_1_, personne0_.username as username3_8_1_, personne0_.password as password4_8_1_, personne0_.nom as nom5_8_1_, personne0_.prenom as prenom6_8_1_, personne0_.dateDeNaissance as dateDeNa7_8_1_, personne0_.photo as photo8_8_1_, personne0_.role as role1_8_1_, adresse1_.adresse_id as adresse_1_0_0_, adresse1_.codePostal as codePost2_0_0_, adresse1_.rue as rue3_0_0_, adresse1_.ville as ville4_0_0_ from personnes personne0_ left outer join adresses adresse1_ on personne0_.adresse_id=adresse1_.adresse_id where personne0_.adresse_id=?
Hibernate: select personne0_.identifiant as identifi2_8_1_, personne0_.adresse_id as adresse_9_8_1_, personne0_.username as username3_8_1_, personne0_.password as password4_8_1_, personne0_.nom as nom5_8_1_, personne0_.prenom as prenom6_8_1_, personne0_.dateDeNaissance as dateDeNa7_8_1_, personne0_.photo as photo8_8_1_, personne0_.role as role1_8_1_, adresse1_.adresse_id as adresse_1_0_0_, adresse1_.codePostal as codePost2_0_0_, adresse1_.rue as rue3_0_0_, adresse1_.ville as ville4_0_0_ from personnes personne0_ left outer join adresses adresse1_ on personne0_.adresse_id=adresse1_.adresse_id where personne0_.adresse_id=?
Hibernate: select personne0_.identifiant as identifi2_8_1_, personne0_.adresse_id as adresse_9_8_1_, personne0_.username as username3_8_1_, personne0_.password as password4_8_1_, personne0_.nom as nom5_8_1_, personne0_.prenom as prenom6_8_1_, personne0_.dateDeNaissance as dateDeNa7_8_1_, personne0_.photo as photo8_8_1_, personne0_.role as role1_8_1_, adresse1_.adresse_id as adresse_1_0_0_, adresse1_.codePostal as codePost2_0_0_, adresse1_.rue as rue3_0_0_, adresse1_.ville as ville4_0_0_ from personnes personne0_ left outer join adresses adresse1_ on personne0_.adresse_id=adresse1_.adresse_id where personne0_.adresse_id=?
Hibernate: select personne0_.identifiant as identifi2_8_1_, personne0_.adresse_id as adresse_9_8_1_, personne0_.username as username3_8_1_, personne0_.password as password4_8_1_, personne0_.nom as nom5_8_1_, personne0_.prenom as prenom6_8_1_, personne0_.dateDeNaissance as dateDeNa7_8_1_, personne0_.photo as photo8_8_1_, personne0_.role as role1_8_1_, adresse1_.adresse_id as adresse_1_0_0_, adresse1_.codePostal as codePost2_0_0_, adresse1_.rue as rue3_0_0_, adresse1_.ville as ville4_0_0_ from personnes personne0_ left outer join adresses adresse1_ on personne0_.adresse_id=adresse1_.adresse_id where personne0_.adresse_id=?
Hibernate: select personne0_.identifiant as identifi2_8_1_, personne0_.adresse_id as adresse_9_8_1_, personne0_.username as username3_8_1_, personne0_.password as password4_8_1_, personne0_.nom as nom5_8_1_, personne0_.prenom as prenom6_8_1_, personne0_.dateDeNaissance as dateDeNa7_8_1_, personne0_.photo as photo8_8_1_, personne0_.role as role1_8_1_, adresse1_.adresse_id as adresse_1_0_0_, adresse1_.codePostal as codePost2_0_0_, adresse1_.rue as rue3_0_0_, adresse1_.ville as ville4_0_0_ from personnes personne0_ left outer join adresses adresse1_ on personne0_.adresse_id=adresse1_.adresse_id where personne0_.adresse_id=?
Hibernate: select personne0_.identifiant as identifi2_8_1_, personne0_.adresse_id as adresse_9_8_1_, personne0_.username as username3_8_1_, personne0_.password as password4_8_1_, personne0_.nom as nom5_8_1_, personne0_.prenom as prenom6_8_1_, personne0_.dateDeNaissance as dateDeNa7_8_1_, personne0_.photo as photo8_8_1_, personne0_.role as role1_8_1_, adresse1_.adresse_id as adresse_1_0_0_, adresse1_.codePostal as codePost2_0_0_, adresse1_.rue as rue3_0_0_, adresse1_.ville as ville4_0_0_ from personnes personne0_ left outer join adresses adresse1_ on personne0_.adresse_id=adresse1_.adresse_id where personne0_.adresse_id=?
Hibernate: select personne0_.identifiant as identifi2_8_1_, personne0_.adresse_id as adresse_9_8_1_, personne0_.username as username3_8_1_, personne0_.password as password4_8_1_, personne0_.nom as nom5_8_1_, personne0_.prenom as prenom6_8_1_, personne0_.dateDeNaissance as dateDeNa7_8_1_, personne0_.photo as photo8_8_1_, personne0_.role as role1_8_1_, adresse1_.adresse_id as adresse_1_0_0_, adresse1_.codePostal as codePost2_0_0_, adresse1_.rue as rue3_0_0_, adresse1_.ville as ville4_0_0_ from personnes personne0_ left outer join adresses adresse1_ on personne0_.adresse_id=adresse1_.adresse_id where personne0_.adresse_id=?
Hibernate: select personne0_.identifiant as identifi2_8_1_, personne0_.adresse_id as adresse_9_8_1_, personne0_.username as username3_8_1_, personne0_.password as password4_8_1_, personne0_.nom as nom5_8_1_, personne0_.prenom as prenom6_8_1_, personne0_.dateDeNaissance as dateDeNa7_8_1_, personne0_.photo as photo8_8_1_, personne0_.role as role1_8_1_, adresse1_.adresse_id as adresse_1_0_0_, adresse1_.codePostal as codePost2_0_0_, adresse1_.rue as rue3_0_0_, adresse1_.ville as ville4_0_0_ from personnes personne0_ left outer join adresses adresse1_ on personne0_.adresse_id=adresse1_.adresse_id where personne0_.adresse_id=?
Hibernate: select personne0_.identifiant as identifi2_8_1_, personne0_.adresse_id as adresse_9_8_1_, personne0_.username as username3_8_1_, personne0_.password as password4_8_1_, personne0_.nom as nom5_8_1_, personne0_.prenom as prenom6_8_1_, personne0_.dateDeNaissance as dateDeNa7_8_1_, personne0_.photo as photo8_8_1_, personne0_.role as role1_8_1_, adresse1_.adresse_id as adresse_1_0_0_, adresse1_.codePostal as codePost2_0_0_, adresse1_.rue as rue3_0_0_, adresse1_.ville as ville4_0_0_ from personnes personne0_ left outer join adresses adresse1_ on personne0_.adresse_id=adresse1_.adresse_id where personne0_.adresse_id=?
Hibernate: select personne0_.identifiant as identifi2_8_1_, personne0_.adresse_id as adresse_9_8_1_, personne0_.username as username3_8_1_, personne0_.password as password4_8_1_, personne0_.nom as nom5_8_1_, personne0_.prenom as prenom6_8_1_, personne0_.dateDeNaissance as dateDeNa7_8_1_, personne0_.photo as photo8_8_1_, personne0_.role as role1_8_1_, adresse1_.adresse_id as adresse_1_0_0_, adresse1_.codePostal as codePost2_0_0_, adresse1_.rue as rue3_0_0_, adresse1_.ville as ville4_0_0_ from personnes personne0_ left outer join adresses adresse1_ on personne0_.adresse_id=adresse1_.adresse_id where personne0_.adresse_id=?
Hibernate: insert into personnes (adresse_id, username, password, nom, prenom, role) values (?, ?, ?, ?, ?, &apos;personne&apos;)
Hibernate: select personne0_.identifiant as identifi2_8_, personne0_.adresse_id as adresse_9_8_, personne0_.username as username3_8_, personne0_.password as password4_8_, personne0_.nom as nom5_8_, personne0_.prenom as prenom6_8_, personne0_.dateDeNaissance as dateDeNa7_8_, personne0_.photo as photo8_8_, personne0_.role as role1_8_ from personnes personne0_
Hibernate: select adresse0_.adresse_id as adresse_1_0_, adresse0_.codePostal as codePost2_0_, adresse0_.rue as rue3_0_, adresse0_.ville as ville4_0_ from adresses adresse0_
</system-out>
    <system-err>Wed Apr 29 19:51:29 CEST 2020 WARN: Establishing SSL connection without server&apos;s identity verification is not recommended. According to MySQL 5.5.45+, 5.6.26+ and 5.7.6+ requirements SSL connection must be established by default if explicit option isn&apos;t set. For compliance with existing applications not using SSL the verifyServerCertificate property is set to &apos;false&apos;. You need either to explicitly disable SSL by setting useSSL=false, or set useSSL=true and provide truststore for server certificate verification.
</system-err>
  </testcase>
  <testcase classname="com.intiformation.gestion_ecole.test.TestPersonneDAO" name="testIsPersonneExistes" time="0.048">
    <error message="org.hibernate.HibernateException: More than one row with the given identifier was found: 1, for class: com.intiformation.gestion_ecole.domain.Personne" type="javax.persistence.PersistenceException">javax.persistence.PersistenceException: org.hibernate.HibernateException: More than one row with the given identifier was found: 1, for class: com.intiformation.gestion_ecole.domain.Personne
	at org.hibernate.internal.ExceptionConverterImpl.convert(ExceptionConverterImpl.java:149)
	at org.hibernate.internal.ExceptionConverterImpl.convert(ExceptionConverterImpl.java:157)
	at org.hibernate.query.internal.AbstractProducedQuery.list(AbstractProducedQuery.java:1423)
	at com.intiformation.gestion_ecole.dao.PersonneDaoImpl.getAll(PersonneDaoImpl.java:119)
	at sun.reflect.NativeMethodAccessorImpl.invoke0(Native Method)
	at sun.reflect.NativeMethodAccessorImpl.invoke(NativeMethodAccessorImpl.java:62)
	at sun.reflect.DelegatingMethodAccessorImpl.invoke(DelegatingMethodAccessorImpl.java:43)
	at java.lang.reflect.Method.invoke(Method.java:498)
	at org.springframework.aop.support.AopUtils.invokeJoinpointUsingReflection(AopUtils.java:344)
	at org.springframework.aop.framework.ReflectiveMethodInvocation.invokeJoinpoint(ReflectiveMethodInvocation.java:198)
	at org.springframework.aop.framework.ReflectiveMethodInvocation.proceed(ReflectiveMethodInvocation.java:163)
	at org.springframework.transaction.interceptor.TransactionAspectSupport.invokeWithinTransaction(TransactionAspectSupport.java:353)
	at org.springframework.transaction.interceptor.TransactionInterceptor.invoke(TransactionInterceptor.java:99)
	at org.springframework.aop.framework.ReflectiveMethodInvocation.proceed(ReflectiveMethodInvocation.java:186)
	at org.springframework.aop.framework.JdkDynamicAopProxy.invoke(JdkDynamicAopProxy.java:212)
	at com.sun.proxy.$Proxy55.getAll(Unknown Source)
	at com.intiformation.gestion_ecole.test.TestPersonneDAO.testIsPersonneExistes(TestPersonneDAO.java:197)
	at sun.reflect.NativeMethodAccessorImpl.invoke0(Native Method)
	at sun.reflect.NativeMethodAccessorImpl.invoke(NativeMethodAccessorImpl.java:62)
	at sun.reflect.DelegatingMethodAccessorImpl.invoke(DelegatingMethodAccessorImpl.java:43)
	at java.lang.reflect.Method.invoke(Method.java:498)
	at org.junit.runners.model.FrameworkMethod$1.runReflectiveCall(FrameworkMethod.java:50)
	at org.junit.internal.runners.model.ReflectiveCallable.run(ReflectiveCallable.java:12)
	at org.junit.runners.model.FrameworkMethod.invokeExplosively(FrameworkMethod.java:47)
	at org.junit.internal.runners.statements.InvokeMethod.evaluate(InvokeMethod.java:17)
	at org.springframework.test.context.junit4.statements.RunBeforeTestExecutionCallbacks.evaluate(RunBeforeTestExecutionCallbacks.java:73)
	at org.springframework.test.context.junit4.statements.RunAfterTestExecutionCallbacks.evaluate(RunAfterTestExecutionCallbacks.java:83)
	at org.springframework.test.context.junit4.statements.RunBeforeTestMethodCallbacks.evaluate(RunBeforeTestMethodCallbacks.java:75)
[...]
	at org.junit.runners.ParentRunner$3.run(ParentRunner.java:290)
	at org.junit.runners.ParentRunner$1.schedule(ParentRunner.java:71)
	at org.junit.runners.ParentRunner.runChildren(ParentRunner.java:288)
	at org.junit.runners.ParentRunner.access$000(ParentRunner.java:58)
	at org.junit.runners.ParentRunner$2.evaluate(ParentRunner.java:268)
	at org.springframework.test.context.junit4.statements.RunBeforeTestClassCallbacks.evaluate(RunBeforeTestClassCallbacks.java:61)
	at org.springframework.test.context.junit4.statements.RunAfterTestClassCallbacks.evaluate(RunAfterTestClassCallbacks.java:70)
	at org.junit.runners.ParentRunner.run(ParentRunner.java:363)
	at org.springframework.test.context.junit4.SpringJUnit4ClassRunner.run(SpringJUnit4ClassRunner.java:190)
	at org.apache.maven.surefire.junit4.JUnit4Provider.execute(JUnit4Provider.java:252)
	at org.apache.maven.surefire.junit4.JUnit4Provider.executeTestSet(JUnit4Provider.java:141)
	at org.apache.maven.surefire.junit4.JUnit4Provider.invoke(JUnit4Provider.java:112)
	at sun.reflect.NativeMethodAccessorImpl.invoke0(Native Method)
	at sun.reflect.NativeMethodAccessorImpl.invoke(NativeMethodAccessorImpl.java:62)
	at sun.reflect.DelegatingMethodAccessorImpl.invoke(DelegatingMethodAccessorImpl.java:43)
	at java.lang.reflect.Method.invoke(Method.java:498)
	at org.apache.maven.surefire.util.ReflectionUtils.invokeMethodWithArray(ReflectionUtils.java:189)
	at org.apache.maven.surefire.booter.ProviderFactory$ProviderProxy.invoke(ProviderFactory.java:165)
	at org.apache.maven.surefire.booter.ProviderFactory.invokeProvider(ProviderFactory.java:85)
	at org.apache.maven.surefire.booter.ForkedBooter.runSuitesInProcess(ForkedBooter.java:115)
	at org.apache.maven.surefire.booter.ForkedBooter.main(ForkedBooter.java:75)
Caused by: org.hibernate.HibernateException: More than one row with the given identifier was found: 1, for class: com.intiformation.gestion_ecole.domain.Personne
	at org.hibernate.loader.entity.AbstractEntityLoader.load(AbstractEntityLoader.java:87)
	at org.hibernate.loader.entity.EntityLoader.loadByUniqueKey(EntityLoader.java:144)
	at org.hibernate.persister.entity.AbstractEntityPersister.loadByUniqueKey(AbstractEntityPersister.java:2228)
	at org.hibernate.type.EntityType.loadByUniqueKey(EntityType.java:699)
	at org.hibernate.type.EntityType.resolve(EntityType.java:434)
	at org.hibernate.engine.internal.TwoPhaseLoad.doInitializeEntity(TwoPhaseLoad.java:165)
	at org.hibernate.engine.internal.TwoPhaseLoad.initializeEntity(TwoPhaseLoad.java:125)
	at org.hibernate.loader.plan.exec.process.internal.AbstractRowReader.performTwoPhaseLoad(AbstractRowReader.java:238)
	at org.hibernate.loader.plan.exec.process.internal.AbstractRowReader.finishUp(AbstractRowReader.java:209)
	at org.hibernate.loader.plan.exec.process.internal.ResultSetProcessorImpl.extractResults(ResultSetProcessorImpl.java:133)
	at org.hibernate.loader.plan.exec.internal.AbstractLoadPlanBasedLoader.executeLoad(AbstractLoadPlanBasedLoader.java:122)
	at org.hibernate.loader.plan.exec.internal.AbstractLoadPlanBasedLoader.executeLoad(AbstractLoadPlanBasedLoader.java:86)
	at org.hibernate.loader.entity.plan.AbstractLoadPlanBasedEntityLoader.load(AbstractLoadPlanBasedEntityLoader.java:167)
	at org.hibernate.persister.entity.AbstractEntityPersister.load(AbstractEntityPersister.java:4083)
	at org.hibernate.event.internal.DefaultLoadEventListener.loadFromDatasource(DefaultLoadEventListener.java:508)
	at org.hibernate.event.internal.DefaultLoadEventListener.doLoad(DefaultLoadEventListener.java:478)
	at org.hibernate.event.internal.DefaultLoadEventListener.load(DefaultLoadEventListener.java:219)
	at org.hibernate.event.internal.DefaultLoadEventListener.proxyOrLoad(DefaultLoadEventListener.java:278)
	at org.hibernate.event.internal.DefaultLoadEventListener.doOnLoad(DefaultLoadEventListener.java:121)
	at org.hibernate.event.internal.DefaultLoadEventListener.onLoad(DefaultLoadEventListener.java:89)
	at org.hibernate.internal.SessionImpl.fireLoad(SessionImpl.java:1239)
	at org.hibernate.internal.SessionImpl.internalLoad(SessionImpl.java:1122)
	at org.hibernate.type.EntityType.resolveIdentifier(EntityType.java:646)
	at org.hibernate.type.EntityType.resolve(EntityType.java:431)
	at org.hibernate.engine.internal.TwoPhaseLoad.doInitializeEntity(TwoPhaseLoad.java:165)
	at org.hibernate.engine.internal.TwoPhaseLoad.initializeEntity(TwoPhaseLoad.java:125)
	at org.hibernate.loader.Loader.initializeEntitiesAndCollections(Loader.java:1162)
	at org.hibernate.loader.Loader.processResultSet(Loader.java:1021)
	at org.hibernate.loader.Loader.doQuery(Loader.java:959)
	at org.hibernate.loader.Loader.doQueryAndInitializeNonLazyCollections(Loader.java:351)
	at org.hibernate.loader.Loader.doList(Loader.java:2702)
	at org.hibernate.loader.Loader.doList(Loader.java:2685)
	at org.hibernate.loader.Loader.listIgnoreQueryCache(Loader.java:2517)
	at org.hibernate.loader.Loader.list(Loader.java:2512)
	at org.hibernate.loader.hql.QueryLoader.list(QueryLoader.java:502)
	at org.hibernate.hql.internal.ast.QueryTranslatorImpl.list(QueryTranslatorImpl.java:384)
	at org.hibernate.engine.query.spi.HQLQueryPlan.performList(HQLQueryPlan.java:216)
	at org.hibernate.internal.SessionImpl.list(SessionImpl.java:1490)
	at org.hibernate.query.internal.AbstractProducedQuery.doList(AbstractProducedQuery.java:1445)
	at org.hibernate.query.internal.AbstractProducedQuery.list(AbstractProducedQuery.java:1414)
	... 51 more
</error>
    <system-out>Hibernate: insert into personnes (adresse_id, username, password, nom, prenom, role) values (?, ?, ?, ?, ?, &apos;personne&apos;)
Hibernate: select personne0_.identifiant as identifi2_8_, personne0_.adresse_id as adresse_9_8_, personne0_.username as username3_8_, personne0_.password as password4_8_, personne0_.nom as nom5_8_, personne0_.prenom as prenom6_8_, personne0_.dateDeNaissance as dateDeNa7_8_, personne0_.photo as photo8_8_, personne0_.role as role1_8_ from personnes personne0_
Hibernate: select adresse0_.adresse_id as adresse_1_0_0_, adresse0_.codePostal as codePost2_0_0_, adresse0_.rue as rue3_0_0_, adresse0_.ville as ville4_0_0_, personne1_.identifiant as identifi2_8_1_, personne1_.adresse_id as adresse_9_8_1_, personne1_.username as username3_8_1_, personne1_.password as password4_8_1_, personne1_.nom as nom5_8_1_, personne1_.prenom as prenom6_8_1_, personne1_.dateDeNaissance as dateDeNa7_8_1_, personne1_.photo as photo8_8_1_, personne1_.role as role1_8_1_ from adresses adresse0_ left outer join personnes personne1_ on adresse0_.adresse_id=personne1_.adresse_id where adresse0_.adresse_id=?
Hibernate: select personne0_.identifiant as identifi2_8_1_, personne0_.adresse_id as adresse_9_8_1_, personne0_.username as username3_8_1_, personne0_.password as password4_8_1_, personne0_.nom as nom5_8_1_, personne0_.prenom as prenom6_8_1_, personne0_.dateDeNaissance as dateDeNa7_8_1_, personne0_.photo as photo8_8_1_, personne0_.role as role1_8_1_, adresse1_.adresse_id as adresse_1_0_0_, adresse1_.codePostal as codePost2_0_0_, adresse1_.rue as rue3_0_0_, adresse1_.ville as ville4_0_0_ from personnes personne0_ left outer join adresses adresse1_ on personne0_.adresse_id=adresse1_.adresse_id where personne0_.adresse_id=?
</system-out>
    <system-err>Wed Apr 29 19:51:29 CEST 2020 WARN: Establishing SSL connection without server&apos;s identity verification is not recommended. According to MySQL 5.5.45+, 5.6.26+ and 5.7.6+ requirements SSL connection must be established by default if explicit option isn&apos;t set. For compliance with existing applications not using SSL the verifyServerCertificate property is set to &apos;false&apos;. You need either to explicitly disable SSL by setting useSSL=false, or set useSSL=true and provide truststore for server certificate verification.
avr. 29, 2020 7:51:29 PM org.hibernate.event.internal.DefaultLoadEventListener doOnLoad
INFO: HHH000327: Error performing load command : org.hibernate.HibernateException: More than one row with the given identifier was found: 1, for class: com.intiformation.gestion_ecole.domain.Personne
</system-err>
  </testcase>
  <testcase classname="com.intiformation.gestion_ecole.test.TestPersonneDAO" name="testModifierPersonne" time="0.036">
    <error message="org.hibernate.HibernateException: More than one row with the given identifier was found: 1, for class: com.intiformation.gestion_ecole.domain.Personne" type="javax.persistence.PersistenceException">javax.persistence.PersistenceException: org.hibernate.HibernateException: More than one row with the given identifier was found: 1, for class: com.intiformation.gestion_ecole.domain.Personne
	at org.hibernate.internal.ExceptionConverterImpl.convert(ExceptionConverterImpl.java:149)
	at org.hibernate.internal.ExceptionConverterImpl.convert(ExceptionConverterImpl.java:157)
	at org.hibernate.query.internal.AbstractProducedQuery.list(AbstractProducedQuery.java:1423)
	at com.intiformation.gestion_ecole.dao.PersonneDaoImpl.getAll(PersonneDaoImpl.java:119)
	at sun.reflect.NativeMethodAccessorImpl.invoke0(Native Method)
	at sun.reflect.NativeMethodAccessorImpl.invoke(NativeMethodAccessorImpl.java:62)
	at sun.reflect.DelegatingMethodAccessorImpl.invoke(DelegatingMethodAccessorImpl.java:43)
	at java.lang.reflect.Method.invoke(Method.java:498)
	at org.springframework.aop.support.AopUtils.invokeJoinpointUsingReflection(AopUtils.java:344)
	at org.springframework.aop.framework.ReflectiveMethodInvocation.invokeJoinpoint(ReflectiveMethodInvocation.java:198)
	at org.springframework.aop.framework.ReflectiveMethodInvocation.proceed(ReflectiveMethodInvocation.java:163)
	at org.springframework.transaction.interceptor.TransactionAspectSupport.invokeWithinTransaction(TransactionAspectSupport.java:353)
	at org.springframework.transaction.interceptor.TransactionInterceptor.invoke(TransactionInterceptor.java:99)
	at org.springframework.aop.framework.ReflectiveMethodInvocation.proceed(ReflectiveMethodInvocation.java:186)
	at org.springframework.aop.framework.JdkDynamicAopProxy.invoke(JdkDynamicAopProxy.java:212)
	at com.sun.proxy.$Proxy55.getAll(Unknown Source)
	at com.intiformation.gestion_ecole.test.TestPersonneDAO.testModifierPersonne(TestPersonneDAO.java:74)
	at sun.reflect.NativeMethodAccessorImpl.invoke0(Native Method)
	at sun.reflect.NativeMethodAccessorImpl.invoke(NativeMethodAccessorImpl.java:62)
	at sun.reflect.DelegatingMethodAccessorImpl.invoke(DelegatingMethodAccessorImpl.java:43)
	at java.lang.reflect.Method.invoke(Method.java:498)
	at org.junit.runners.model.FrameworkMethod$1.runReflectiveCall(FrameworkMethod.java:50)
	at org.junit.internal.runners.model.ReflectiveCallable.run(ReflectiveCallable.java:12)
	at org.junit.runners.model.FrameworkMethod.invokeExplosively(FrameworkMethod.java:47)
	at org.junit.internal.runners.statements.InvokeMethod.evaluate(InvokeMethod.java:17)
	at org.springframework.test.context.junit4.statements.RunBeforeTestExecutionCallbacks.evaluate(RunBeforeTestExecutionCallbacks.java:73)
	at org.springframework.test.context.junit4.statements.RunAfterTestExecutionCallbacks.evaluate(RunAfterTestExecutionCallbacks.java:83)
	at org.springframework.test.context.junit4.statements.RunBeforeTestMethodCallbacks.evaluate(RunBeforeTestMethodCallbacks.java:75)
	at org.springframework.test.context.junit4.statements.RunAfterTestMethodCallbacks.evaluate(RunAfterTestMethodCallbacks.java:86)
	at org.springframework.test.context.junit4.statements.SpringRepeat.evaluate(SpringRepeat.java:84)
	at org.junit.runners.ParentRunner.runLeaf(ParentRunner.java:325)
	at org.springframework.test.context.junit4.SpringJUnit4ClassRunner.runChild(SpringJUnit4ClassRunner.java:251)
	at org.springframework.test.context.junit4.SpringJUnit4ClassRunner.runChild(SpringJUnit4ClassRunner.java:97)
	at org.junit.runners.ParentRunner$3.run(ParentRunner.java:290)
	at org.junit.runners.ParentRunner$1.schedule(ParentRunner.java:71)
	at org.junit.runners.ParentRunner.runChildren(ParentRunner.java:288)
	at org.junit.runners.ParentRunner.access$000(ParentRunner.java:58)
	at org.junit.runners.ParentRunner$2.evaluate(ParentRunner.java:268)
	at org.springframework.test.context.junit4.statements.RunBeforeTestClassCallbacks.evaluate(RunBeforeTestClassCallbacks.java:61)
	at org.springframework.test.context.junit4.statements.RunAfterTestClassCallbacks.evaluate(RunAfterTestClassCallbacks.java:70)
	at org.junit.runners.ParentRunner.run(ParentRunner.java:363)
	at org.springframework.test.context.junit4.SpringJUnit4ClassRunner.run(SpringJUnit4ClassRunner.java:190)
	at org.apache.maven.surefire.junit4.JUnit4Provider.execute(JUnit4Provider.java:252)
	at org.apache.maven.surefire.junit4.JUnit4Provider.executeTestSet(JUnit4Provider.java:141)
	at org.apache.maven.surefire.junit4.JUnit4Provider.invoke(JUnit4Provider.java:112)
	at sun.reflect.NativeMethodAccessorImpl.invoke0(Native Method)
	at sun.reflect.NativeMethodAccessorImpl.invoke(NativeMethodAccessorImpl.java:62)
	at sun.reflect.DelegatingMethodAccessorImpl.invoke(DelegatingMethodAccessorImpl.java:43)
	at java.lang.reflect.Method.invoke(Method.java:498)
	at org.apache.maven.surefire.util.ReflectionUtils.invokeMethodWithArray(ReflectionUtils.java:189)
	at org.apache.maven.surefire.booter.ProviderFactory$ProviderProxy.invoke(ProviderFactory.java:165)
	at org.apache.maven.surefire.booter.ProviderFactory.invokeProvider(ProviderFactory.java:85)
	at org.apache.maven.surefire.booter.ForkedBooter.runSuitesInProcess(ForkedBooter.java:115)
	at org.apache.maven.surefire.booter.ForkedBooter.main(ForkedBooter.java:75)
Caused by: org.hibernate.HibernateException: More than one row with the given identifier was found: 1, for class: com.intiformation.gestion_ecole.domain.Personne
	at org.hibernate.loader.entity.AbstractEntityLoader.load(AbstractEntityLoader.java:87)
	at org.hibernate.loader.entity.EntityLoader.loadByUniqueKey(EntityLoader.java:144)
	at org.hibernate.persister.entity.AbstractEntityPersister.loadByUniqueKey(AbstractEntityPersister.java:2228)
	at org.hibernate.type.EntityType.loadByUniqueKey(EntityType.java:699)
	at org.hibernate.type.EntityType.resolve(EntityType.java:434)
	at org.hibernate.engine.internal.TwoPhaseLoad.doInitializeEntity(TwoPhaseLoad.java:165)
	at org.hibernate.engine.internal.TwoPhaseLoad.initializeEntity(TwoPhaseLoad.java:125)
	at org.hibernate.loader.plan.exec.process.internal.AbstractRowReader.performTwoPhaseLoad(AbstractRowReader.java:238)
	at org.hibernate.loader.plan.exec.process.internal.AbstractRowReader.finishUp(AbstractRowReader.java:209)
	at org.hibernate.loader.plan.exec.process.internal.ResultSetProcessorImpl.extractResults(ResultSetProcessorImpl.java:133)
	at org.hibernate.loader.plan.exec.internal.AbstractLoadPlanBasedLoader.executeLoad(AbstractLoadPlanBasedLoader.java:122)
	at org.hibernate.loader.plan.exec.internal.AbstractLoadPlanBasedLoader.executeLoad(AbstractLoadPlanBasedLoader.java:86)
	at org.hibernate.loader.entity.plan.AbstractLoadPlanBasedEntityLoader.load(AbstractLoadPlanBasedEntityLoader.java:167)
	at org.hibernate.persister.entity.AbstractEntityPersister.load(AbstractEntityPersister.java:4083)
	at org.hibernate.event.internal.DefaultLoadEventListener.loadFromDatasource(DefaultLoadEventListener.java:508)
	at org.hibernate.event.internal.DefaultLoadEventListener.doLoad(DefaultLoadEventListener.java:478)
	at org.hibernate.event.internal.DefaultLoadEventListener.load(DefaultLoadEventListener.java:219)
	at org.hibernate.event.internal.DefaultLoadEventListener.proxyOrLoad(DefaultLoadEventListener.java:278)
	at org.hibernate.event.internal.DefaultLoadEventListener.doOnLoad(DefaultLoadEventListener.java:121)
	at org.hibernate.event.internal.DefaultLoadEventListener.onLoad(DefaultLoadEventListener.java:89)
	at org.hibernate.internal.SessionImpl.fireLoad(SessionImpl.java:1239)
	at org.hibernate.internal.SessionImpl.internalLoad(SessionImpl.java:1122)
	at org.hibernate.type.EntityType.resolveIdentifier(EntityType.java:646)
	at org.hibernate.type.EntityType.resolve(EntityType.java:431)
	at org.hibernate.engine.internal.TwoPhaseLoad.doInitializeEntity(TwoPhaseLoad.java:165)
	at org.hibernate.engine.internal.TwoPhaseLoad.initializeEntity(TwoPhaseLoad.java:125)
	at org.hibernate.loader.Loader.initializeEntitiesAndCollections(Loader.java:1162)
	at org.hibernate.loader.Loader.processResultSet(Loader.java:1021)
	at org.hibernate.loader.Loader.doQuery(Loader.java:959)
	at org.hibernate.loader.Loader.doQueryAndInitializeNonLazyCollections(Loader.java:351)
	at org.hibernate.loader.Loader.doList(Loader.java:2702)
	at org.hibernate.loader.Loader.doList(Loader.java:2685)
	at org.hibernate.loader.Loader.listIgnoreQueryCache(Loader.java:2517)
	at org.hibernate.loader.Loader.list(Loader.java:2512)
	at org.hibernate.loader.hql.QueryLoader.list(QueryLoader.java:502)
	at org.hibernate.hql.internal.ast.QueryTranslatorImpl.list(QueryTranslatorImpl.java:384)
	at org.hibernate.engine.query.spi.HQLQueryPlan.performList(HQLQueryPlan.java:216)
	at org.hibernate.internal.SessionImpl.list(SessionImpl.java:1490)
	at org.hibernate.query.internal.AbstractProducedQuery.doList(AbstractProducedQuery.java:1445)
	at org.hibernate.query.internal.AbstractProducedQuery.list(AbstractProducedQuery.java:1414)
	... 51 more
</error>
    <system-out>Hibernate: insert into personnes (adresse_id, username, password, nom, prenom, role) values (?, ?, ?, ?, ?, &apos;personne&apos;)
Hibernate: select personne0_.identifiant as identifi2_8_, personne0_.adresse_id as adresse_9_8_, personne0_.username as username3_8_, personne0_.password as password4_8_, personne0_.nom as nom5_8_, personne0_.prenom as prenom6_8_, personne0_.dateDeNaissance as dateDeNa7_8_, personne0_.photo as photo8_8_, personne0_.role as role1_8_ from personnes personne0_
Hibernate: select adresse0_.adresse_id as adresse_1_0_0_, adresse0_.codePostal as codePost2_0_0_, adresse0_.rue as rue3_0_0_, adresse0_.ville as ville4_0_0_, personne1_.identifiant as identifi2_8_1_, personne1_.adresse_id as adresse_9_8_1_, personne1_.username as username3_8_1_, personne1_.password as password4_8_1_, personne1_.nom as nom5_8_1_, personne1_.prenom as prenom6_8_1_, personne1_.dateDeNaissance as dateDeNa7_8_1_, personne1_.photo as photo8_8_1_, personne1_.role as role1_8_1_ from adresses adresse0_ left outer join personnes personne1_ on adresse0_.adresse_id=personne1_.adresse_id where adresse0_.adresse_id=?
Hibernate: select personne0_.identifiant as identifi2_8_1_, personne0_.adresse_id as adresse_9_8_1_, personne0_.username as username3_8_1_, personne0_.password as password4_8_1_, personne0_.nom as nom5_8_1_, personne0_.prenom as prenom6_8_1_, personne0_.dateDeNaissance as dateDeNa7_8_1_, personne0_.photo as photo8_8_1_, personne0_.role as role1_8_1_, adresse1_.adresse_id as adresse_1_0_0_, adresse1_.codePostal as codePost2_0_0_, adresse1_.rue as rue3_0_0_, adresse1_.ville as ville4_0_0_ from personnes personne0_ left outer join adresses adresse1_ on personne0_.adresse_id=adresse1_.adresse_id where personne0_.adresse_id=?
</system-out>
    <system-err>Wed Apr 29 19:51:29 CEST 2020 WARN: Establishing SSL connection without server&apos;s identity verification is not recommended. According to MySQL 5.5.45+, 5.6.26+ and 5.7.6+ requirements SSL connection must be established by default if explicit option isn&apos;t set. For compliance with existing applications not using SSL the verifyServerCertificate property is set to &apos;false&apos;. You need either to explicitly disable SSL by setting useSSL=false, or set useSSL=true and provide truststore for server certificate verification.
avr. 29, 2020 7:51:29 PM org.hibernate.event.internal.DefaultLoadEventListener doOnLoad
INFO: HHH000327: Error performing load command : org.hibernate.HibernateException: More than one row with the given identifier was found: 1, for class: com.intiformation.gestion_ecole.domain.Personne
</system-err>
  </testcase>
</testsuite>