<?xml version="1.0" encoding="UTF-8" ?>
<testsuite tests="1" failures="0" name="com.intiformation.gestion_ecole.test.TestEnseignantDAO" time="0.001" errors="1" skipped="0">
  <properties>
[...]
</properties>
  <testcase classname="com.intiformation.gestion_ecole.test.TestEnseignantDAO" name="testJointure" time="0.001">
    <error message="com.intiformation.gestion_ecole.domain.Administrateur cannot be cast to com.intiformation.gestion_ecole.domain.Enseignant" type="java.lang.ClassCastException">java.lang.ClassCastException: com.intiformation.gestion_ecole.domain.Administrateur cannot be cast to com.intiformation.gestion_ecole.domain.Enseignant
	at com.intiformation.gestion_ecole.test.TestEnseignantDAO.testJointure(TestEnseignantDAO.java:67)
	at sun.reflect.NativeMethodAccessorImpl.invoke0(Native Method)
	at sun.reflect.NativeMethodAccessorImpl.invoke(NativeMethodAccessorImpl.java:62)
	at sun.reflect.DelegatingMethodAccessorImpl.invoke(DelegatingMethodAccessorImpl.java:43)
	at java.lang.reflect.Method.invoke(Method.java:498)
	at org.junit.runners.model.FrameworkMethod$1.runReflectiveCall(FrameworkMethod.java:50)
	at org.junit.internal.runners.model.ReflectiveCallable.run(ReflectiveCallable.java:12)
	at org.junit.runners.model.FrameworkMethod.invokeExplosively(FrameworkMethod.java:47)
	at org.junit.internal.runners.statements.InvokeMethod.evaluate(InvokeMethod.java:17)
	at org.springframework.test.context.junit4.statements.RunBeforeTestExecutionCallbacks.evaluate(RunBeforeTestExecutionCallbacks.java:73)
	at org.springframework.test.context.junit4.statements.RunAfterTestExecutionCallbacks.evaluate(RunAfterTestExecutionCallbacks.java:83)
	at org.springframework.test.context.junit4.statements.RunBeforeTestMethodCallbacks.evaluate(RunBeforeTestMethodCallbacks.java:75)
	at org.springframework.test.context.junit4.statements.RunAfterTestMethodCallbacks.evaluate(RunAfterTestMethodCallbacks.java:86)
	at org.springframework.test.context.junit4.statements.SpringRepeat.evaluate(SpringRepeat.java:84)
	at org.junit.runners.ParentRunner.runLeaf(ParentRunner.java:325)
	at org.springframework.test.context.junit4.SpringJUnit4ClassRunner.runChild(SpringJUnit4ClassRunner.java:251)
	at org.springframework.test.context.junit4.SpringJUnit4ClassRunner.runChild(SpringJUnit4ClassRunner.java:97)
	at org.junit.runners.ParentRunner$3.run(ParentRunner.java:290)
	at org.junit.runners.ParentRunner$1.schedule(ParentRunner.java:71)
	at org.junit.runners.ParentRunner.runChildren(ParentRunner.java:288)
	at org.junit.runners.ParentRunner.access$000(ParentRunner.java:58)
	at org.junit.runners.ParentRunner$2.evaluate(ParentRunner.java:268)
	at org.springframework.test.context.junit4.statements.RunBeforeTestClassCallbacks.evaluate(RunBeforeTestClassCallbacks.java:61)
	at org.springframework.test.context.junit4.statements.RunAfterTestClassCallbacks.evaluate(RunAfterTestClassCallbacks.java:70)
	at org.junit.runners.ParentRunner.run(ParentRunner.java:363)
	at org.springframework.test.context.junit4.SpringJUnit4ClassRunner.run(SpringJUnit4ClassRunner.java:190)
	at org.apache.maven.surefire.junit4.JUnit4Provider.execute(JUnit4Provider.java:252)
	at org.apache.maven.surefire.junit4.JUnit4Provider.executeTestSet(JUnit4Provider.java:141)
	at org.apache.maven.surefire.junit4.JUnit4Provider.invoke(JUnit4Provider.java:112)
	at sun.reflect.NativeMethodAccessorImpl.invoke0(Native Method)
	at sun.reflect.NativeMethodAccessorImpl.invoke(NativeMethodAccessorImpl.java:62)
	at sun.reflect.DelegatingMethodAccessorImpl.invoke(DelegatingMethodAccessorImpl.java:43)
	at java.lang.reflect.Method.invoke(Method.java:498)
	at org.apache.maven.surefire.util.ReflectionUtils.invokeMethodWithArray(ReflectionUtils.java:189)
	at org.apache.maven.surefire.booter.ProviderFactory$ProviderProxy.invoke(ProviderFactory.java:165)
	at org.apache.maven.surefire.booter.ProviderFactory.invokeProvider(ProviderFactory.java:85)
	at org.apache.maven.surefire.booter.ForkedBooter.runSuitesInProcess(ForkedBooter.java:115)
	at org.apache.maven.surefire.booter.ForkedBooter.main(ForkedBooter.java:75)
</error>
    <system-out>Hibernate: insert into promotions (libelle) values (?)
Hibernate: insert into promotions (libelle) values (?)
Hibernate: select promotion0_.ID_PROMOTION as ID_PROMO1_9_, promotion0_.libelle as libelle2_9_ from promotions promotion0_
[Promotion [idPromotion=1, libelle=Promo1], Promotion [idPromotion=2, libelle=Promo2], Promotion [idPromotion=3, libelle=Promo1], Promotion [idPromotion=4, libelle=Promo2], Promotion [idPromotion=5, libelle=Promo1], Promotion [idPromotion=6, libelle=Promo2]]
Hibernate: select matiere0_.ID_MATIERE as ID_MATIE1_7_0_, matiere0_.libelle as libelle2_7_0_, listecours1_.matiere_id as matiere_6_2_1_, listecours1_.ID_COURS as ID_COURS1_2_1_, listecours1_.ID_COURS as ID_COURS1_2_2_, listecours1_.date as date2_2_2_, listecours1_.description as descript3_2_2_, listecours1_.duree as duree4_2_2_, listecours1_.libelle as libelle5_2_2_, listecours1_.matiere_id as matiere_6_2_2_, listecours1_.promotion_id as promotio7_2_2_, promotion2_.ID_PROMOTION as ID_PROMO1_9_3_, promotion2_.libelle as libelle2_9_3_ from matieres matiere0_ left outer join cours listecours1_ on matiere0_.ID_MATIERE=listecours1_.matiere_id left outer join promotions promotion2_ on listecours1_.promotion_id=promotion2_.ID_PROMOTION where matiere0_.ID_MATIERE=?
Hibernate: select matiere0_.ID_MATIERE as ID_MATIE1_7_0_, matiere0_.libelle as libelle2_7_0_, listecours1_.matiere_id as matiere_6_2_1_, listecours1_.ID_COURS as ID_COURS1_2_1_, listecours1_.ID_COURS as ID_COURS1_2_2_, listecours1_.date as date2_2_2_, listecours1_.description as descript3_2_2_, listecours1_.duree as duree4_2_2_, listecours1_.libelle as libelle5_2_2_, listecours1_.matiere_id as matiere_6_2_2_, listecours1_.promotion_id as promotio7_2_2_, promotion2_.ID_PROMOTION as ID_PROMO1_9_3_, promotion2_.libelle as libelle2_9_3_ from matieres matiere0_ left outer join cours listecours1_ on matiere0_.ID_MATIERE=listecours1_.matiere_id left outer join promotions promotion2_ on listecours1_.promotion_id=promotion2_.ID_PROMOTION where matiere0_.ID_MATIERE=?
Hibernate: select matiere0_.ID_MATIERE as ID_MATIE1_7_0_, matiere0_.libelle as libelle2_7_0_, listecours1_.matiere_id as matiere_6_2_1_, listecours1_.ID_COURS as ID_COURS1_2_1_, listecours1_.ID_COURS as ID_COURS1_2_2_, listecours1_.date as date2_2_2_, listecours1_.description as descript3_2_2_, listecours1_.duree as duree4_2_2_, listecours1_.libelle as libelle5_2_2_, listecours1_.matiere_id as matiere_6_2_2_, listecours1_.promotion_id as promotio7_2_2_, promotion2_.ID_PROMOTION as ID_PROMO1_9_3_, promotion2_.libelle as libelle2_9_3_ from matieres matiere0_ left outer join cours listecours1_ on matiere0_.ID_MATIERE=listecours1_.matiere_id left outer join promotions promotion2_ on listecours1_.promotion_id=promotion2_.ID_PROMOTION where matiere0_.ID_MATIERE=?
Hibernate: select personne0_.identifiant as identifi2_8_0_, personne0_.adresse_id as adresse_9_8_0_, personne0_.username as username3_8_0_, personne0_.password as password4_8_0_, personne0_.nom as nom5_8_0_, personne0_.prenom as prenom6_8_0_, personne0_.dateDeNaissance as dateDeNa7_8_0_, personne0_.photo as photo8_8_0_, personne0_.role as role1_8_0_, adresse1_.adresse_id as adresse_1_0_1_, adresse1_.codePostal as codePost2_0_1_, adresse1_.rue as rue3_0_1_, adresse1_.ville as ville4_0_1_ from personnes personne0_ left outer join adresses adresse1_ on personne0_.adresse_id=adresse1_.adresse_id where personne0_.identifiant=?
Hibernate: select personne0_.identifiant as identifi2_8_1_, personne0_.adresse_id as adresse_9_8_1_, personne0_.username as username3_8_1_, personne0_.password as password4_8_1_, personne0_.nom as nom5_8_1_, personne0_.prenom as prenom6_8_1_, personne0_.dateDeNaissance as dateDeNa7_8_1_, personne0_.photo as photo8_8_1_, personne0_.role as role1_8_1_, adresse1_.adresse_id as adresse_1_0_0_, adresse1_.codePostal as codePost2_0_0_, adresse1_.rue as rue3_0_0_, adresse1_.ville as ville4_0_0_ from personnes personne0_ left outer join adresses adresse1_ on personne0_.adresse_id=adresse1_.adresse_id where personne0_.adresse_id=?
</system-out>
    <system-err>Wed Apr 29 19:51:28 CEST 2020 WARN: Establishing SSL connection without server&apos;s identity verification is not recommended. According to MySQL 5.5.45+, 5.6.26+ and 5.7.6+ requirements SSL connection must be established by default if explicit option isn&apos;t set. For compliance with existing applications not using SSL the verifyServerCertificate property is set to &apos;false&apos;. You need either to explicitly disable SSL by setting useSSL=false, or set useSSL=true and provide truststore for server certificate verification.
</system-err>
  </testcase>
</testsuite>